============================= test session starts ==============================
platform darwin -- Python 3.6.5, pytest-3.6.1, py-1.6.0, pluggy-0.6.0
rootdir: /Users/pgagne/sat6qe/automation/robottelo, inifile:
plugins: xdist-1.23.2, services-1.3.0, mock-1.10.0, forked-0.2, cov-2.6.0
2018-10-11 16:09:40 - conftest - DEBUG - BZ deselect is disabled in settings

collected 4573 items / 3 errors
<Module 'tests/foreman/api/test_activationkey.py'>
  <UnitTestCase 'ActivationKeyTestCase'>
    <TestCaseFunction 'test_negative_create_with_invalid_host_limit'>
    <TestCaseFunction 'test_negative_create_with_invalid_name'>
    <TestCaseFunction 'test_negative_create_with_no_host_limit'>
    <TestCaseFunction 'test_negative_create_with_no_host_limit_set_max'>
    <TestCaseFunction 'test_negative_update_limit'>
    <TestCaseFunction 'test_negative_update_max_hosts'>
    <TestCaseFunction 'test_negative_update_name'>
    <TestCaseFunction 'test_positive_add_future_subscription'>
    <TestCaseFunction 'test_positive_add_host_collections'>
    <TestCaseFunction 'test_positive_create_limited_hosts'>
    <TestCaseFunction 'test_positive_create_unlimited_hosts'>
    <TestCaseFunction 'test_positive_create_with_description'>
    <TestCaseFunction 'test_positive_create_with_name'>
    <TestCaseFunction 'test_positive_delete'>
    <TestCaseFunction 'test_positive_fetch_product_content'>
    <TestCaseFunction 'test_positive_get_releases_content'>
    <TestCaseFunction 'test_positive_get_releases_status_code'>
    <TestCaseFunction 'test_positive_remove_host_collection'>
    <TestCaseFunction 'test_positive_remove_user'>
    <TestCaseFunction 'test_positive_update_auto_attach'>
    <TestCaseFunction 'test_positive_update_limited_host'>
    <TestCaseFunction 'test_positive_update_name'>
  <UnitTestCase 'ActivationKeySearchTestCase'>
    <TestCaseFunction 'test_positive_search_by_org'>
<Module 'tests/foreman/api/test_architecture.py'>
  <UnitTestCase 'ArchitectureTestCase'>
    <TestCaseFunction 'test_negative_create_with_invalid_name'>
    <TestCaseFunction 'test_negative_update_name'>
    <TestCaseFunction 'test_positive_add_os'>
    <TestCaseFunction 'test_positive_create_with_name'>
    <TestCaseFunction 'test_positive_delete'>
    <TestCaseFunction 'test_positive_update_name'>
<Module 'tests/foreman/api/test_audit.py'>
  <UnitTestCase 'AuditTestCase'>
    <TestCaseFunction 'test_positive_create_by_type'>
    <TestCaseFunction 'test_positive_delete_by_type'>
    <TestCaseFunction 'test_positive_update_by_type'>
<Module 'tests/foreman/api/test_bookmarks.py'>
  <UnitTestCase 'BookmarkTestCase'>
    <TestCaseFunction 'test_negative_create_empty_query'>
    <TestCaseFunction 'test_negative_create_null_public'>
    <TestCaseFunction 'test_negative_create_same_name'>
    <TestCaseFunction 'test_negative_create_with_invalid_name'>
    <TestCaseFunction 'test_negative_update_empty_query'>
    <TestCaseFunction 'test_negative_update_invalid_name'>
    <TestCaseFunction 'test_negative_update_same_name'>
    <TestCaseFunction 'test_positive_create_public'>
    <TestCaseFunction 'test_positive_create_with_name'>
    <TestCaseFunction 'test_positive_create_with_query'>
    <TestCaseFunction 'test_positive_update_name'>
    <TestCaseFunction 'test_positive_update_public'>
    <TestCaseFunction 'test_positive_update_query'>
<Module 'tests/foreman/api/test_classparameters.py'>
  <UnitTestCase 'SmartClassParametersTestCase'>
    <TestCaseFunction 'test_negative_create_matcher_attribute_priority'>
    <TestCaseFunction 'test_negative_create_matcher_avoid_duplicate'>
    <TestCaseFunction 'test_negative_create_matcher_merge_default'>
    <TestCaseFunction 'test_negative_create_matcher_merge_override'>
    <TestCaseFunction 'test_negative_enable_avoid_duplicates_checkbox'>
    <TestCaseFunction 'test_negative_enable_merge_overrides_default_checkboxes'>
    <TestCaseFunction 'test_negative_override'>
    <TestCaseFunction 'test_negative_update_parameter_type'>
    <TestCaseFunction 'test_negative_validate_default_value_with_list'>
    <TestCaseFunction 'test_negative_validate_default_value_with_regex'>
    <TestCaseFunction 'test_negative_validate_matcher_and_default_value'>
    <TestCaseFunction 'test_negative_validate_matcher_non_existing_attribute'>
    <TestCaseFunction 'test_negative_validate_matcher_value_required_check'>
    <TestCaseFunction 'test_negative_validate_matcher_value_with_default_type'>
    <TestCaseFunction 'test_negative_validate_matcher_value_with_list'>
    <TestCaseFunction 'test_negative_validate_matcher_value_with_regex'>
    <TestCaseFunction 'test_negative_validate_puppet_default_value'>
    <TestCaseFunction 'test_positive_create_matcher'>
    <TestCaseFunction 'test_positive_create_matcher_attribute_priority'>
    <TestCaseFunction 'test_positive_create_matcher_avoid_duplicate'>
    <TestCaseFunction 'test_positive_create_matcher_merge_default'>
    <TestCaseFunction 'test_positive_create_matcher_merge_override'>
    <TestCaseFunction 'test_positive_create_matcher_merge_override_puppet_value'>
    <TestCaseFunction 'test_positive_create_matcher_merge_puppet_default'>
    <TestCaseFunction 'test_positive_create_matcher_puppet_default_value'>
    <TestCaseFunction 'test_positive_enable_avoid_duplicates_checkbox'>
    <TestCaseFunction 'test_positive_enable_merge_overrides_default_checkboxes'>
    <TestCaseFunction 'test_positive_hide_empty_default_value'>
    <TestCaseFunction 'test_positive_hide_parameter_default_value'>
    <TestCaseFunction 'test_positive_impact_parameter_delete_attribute'>
    <TestCaseFunction 'test_positive_import_twice_list_parameters_by_puppetclass_id'>
    <TestCaseFunction 'test_positive_list_parameters_by_environment_id'>
    <TestCaseFunction 'test_positive_list_parameters_by_host_id'>
    <TestCaseFunction 'test_positive_list_parameters_by_hostgroup_id'>
    <TestCaseFunction 'test_positive_list_parameters_by_puppetclass_id'>
    <TestCaseFunction 'test_positive_list_with_non_admin_user'>
    <TestCaseFunction 'test_positive_override'>
    <TestCaseFunction 'test_positive_puppet_default'>
    <TestCaseFunction 'test_positive_remove_matcher'>
    <TestCaseFunction 'test_positive_unhide_parameter_default_value'>
    <TestCaseFunction 'test_positive_update_hidden_value_in_parameter'>
    <TestCaseFunction 'test_positive_update_parameter_type'>
    <TestCaseFunction 'test_positive_validate_default_value_required_check'>
    <TestCaseFunction 'test_positive_validate_default_value_with_list'>
    <TestCaseFunction 'test_positive_validate_default_value_with_regex'>
    <TestCaseFunction 'test_positive_validate_matcher_value_required_check'>
    <TestCaseFunction 'test_positive_validate_matcher_value_with_default_type'>
    <TestCaseFunction 'test_positive_validate_matcher_value_with_list'>
    <TestCaseFunction 'test_positive_validate_matcher_value_with_regex'>
<Module 'tests/foreman/api/test_computeprofile.py'>
  <UnitTestCase 'ComputeProfileTestCase'>
    <TestCaseFunction 'test_negative_create'>
    <TestCaseFunction 'test_negative_update_name'>
    <TestCaseFunction 'test_positive_create_with_name'>
    <TestCaseFunction 'test_positive_delete'>
    <TestCaseFunction 'test_positive_update_name'>
<Module 'tests/foreman/api/test_computeresource_libvirt.py'>
  <UnitTestCase 'ComputeResourceTestCase'>
    <TestCaseFunction 'test_negative_create_with_invalid_name'>
    <TestCaseFunction 'test_negative_create_with_same_name'>
    <TestCaseFunction 'test_negative_create_with_url'>
    <TestCaseFunction 'test_negative_update_invalid_name'>
    <TestCaseFunction 'test_negative_update_same_name'>
    <TestCaseFunction 'test_negative_update_url'>
    <TestCaseFunction 'test_positive_create_libvirt_with_display_type'>
    <TestCaseFunction 'test_positive_create_with_description'>
    <TestCaseFunction 'test_positive_create_with_locs'>
    <TestCaseFunction 'test_positive_create_with_name'>
    <TestCaseFunction 'test_positive_create_with_orgs'>
    <TestCaseFunction 'test_positive_create_with_provider'>
    <TestCaseFunction 'test_positive_delete'>
    <TestCaseFunction 'test_positive_update_description'>
    <TestCaseFunction 'test_positive_update_libvirt_display_type'>
    <TestCaseFunction 'test_positive_update_loc'>
    <TestCaseFunction 'test_positive_update_locs'>
    <TestCaseFunction 'test_positive_update_name'>
    <TestCaseFunction 'test_positive_update_org'>
    <TestCaseFunction 'test_positive_update_orgs'>
    <TestCaseFunction 'test_positive_update_url'>
<Module 'tests/foreman/api/test_contentaccess.py'>
  <UnitTestCase 'ContentAccessTestCase'>
    <TestCaseFunction 'test_positive_list_hosts_applicable'>
<Module 'tests/foreman/api/test_contentmanagement.py'>
  <UnitTestCase 'ContentManagementTestCase'>
    <TestCaseFunction 'test_positive_sync_repos_with_large_errata'>
    <TestCaseFunction 'test_positive_sync_repos_with_lots_files'>
  <UnitTestCase 'CapsuleContentManagementTestCase'>
    <TestCaseFunction 'test_positive_capsule_pub_url_accessible'>
    <TestCaseFunction 'test_positive_capsule_sync'>
    <TestCaseFunction 'test_positive_checksum_sync'>
    <TestCaseFunction 'test_positive_insights_puppet_package_availability'>
    <TestCaseFunction 'test_positive_iso_library_sync'>
    <TestCaseFunction 'test_positive_mirror_on_sync'>
    <TestCaseFunction 'test_positive_on_demand_sync'>
    <TestCaseFunction 'test_positive_sync_puppet_module_with_versions'>
    <TestCaseFunction 'test_positive_update_with_immediate_sync'>
    <TestCaseFunction 'test_positive_uploaded_content_library_sync'>
<Module 'tests/foreman/api/test_contentview.py'>
  <UnitTestCase 'ContentViewTestCase'>
    <TestCaseFunction 'test_negative_add_dupe_modules'>
    <TestCaseFunction 'test_negative_add_dupe_repos'>
    <TestCaseFunction 'test_negative_add_puppet_content'>
    <TestCaseFunction 'test_positive_add_custom_content'>
    <TestCaseFunction 'test_positive_clone_with_diff_env'>
    <TestCaseFunction 'test_positive_clone_within_same_env'>
    <TestCaseFunction 'test_positive_restart_promote_via_dynflow'>
    <TestCaseFunction 'test_positive_restart_publish_via_dynflow'>
    <TestCaseFunction 'test_positive_subscribe_host'>
  <UnitTestCase 'ContentViewCreateTestCase'>
    <TestCaseFunction 'test_negative_create_with_invalid_name'>
    <TestCaseFunction 'test_positive_clone'>
    <TestCaseFunction 'test_positive_create_composite'>
    <TestCaseFunction 'test_positive_create_with_description'>
    <TestCaseFunction 'test_positive_create_with_name'>
  <UnitTestCase 'ContentViewPublishPromoteTestCase'>
    <TestCaseFunction 'test_negative_add_components_to_composite'>
    <TestCaseFunction 'test_positive_add_to_composite'>
    <TestCaseFunction 'test_positive_promote_composite_multiple_content_multiple'>
    <TestCaseFunction 'test_positive_promote_composite_multiple_content_once'>
    <TestCaseFunction 'test_positive_promote_composite_single_content_multiple'>
    <TestCaseFunction 'test_positive_promote_composite_single_content_once'>
    <TestCaseFunction 'test_positive_promote_empty_multiple'>
    <TestCaseFunction 'test_positive_promote_out_of_sequence'>
    <TestCaseFunction 'test_positive_promote_with_puppet_multiple'>
    <TestCaseFunction 'test_positive_promote_with_puppet_once'>
    <TestCaseFunction 'test_positive_promote_with_yum_multiple'>
    <TestCaseFunction 'test_positive_publish_composite_multiple_content_multiple'>
    <TestCaseFunction 'test_positive_publish_composite_multiple_content_once'>
    <TestCaseFunction 'test_positive_publish_composite_single_content_multiple'>
    <TestCaseFunction 'test_positive_publish_composite_single_content_once'>
    <TestCaseFunction 'test_positive_publish_multiple'>
    <TestCaseFunction 'test_positive_publish_with_content_multiple'>
    <TestCaseFunction 'test_positive_publish_with_long_name'>
    <TestCaseFunction 'test_positive_publish_with_puppet_multiple'>
    <TestCaseFunction 'test_positive_publish_with_puppet_once'>
  <UnitTestCase 'ContentViewUpdateTestCase'>
    <TestCaseFunction 'test_negative_update_label'>
    <TestCaseFunction 'test_negative_update_name'>
    <TestCaseFunction 'test_positive_update_attributes'>
    <TestCaseFunction 'test_positive_update_name'>
  <UnitTestCase 'ContentViewDeleteTestCase'>
    <TestCaseFunction 'test_positive_delete'>
  <UnitTestCase 'ContentViewRedHatContent'>
    <TestCaseFunction 'test_positive_add_rh'>
    <TestCaseFunction 'test_positive_add_rh_custom_spin'>
    <TestCaseFunction 'test_positive_promote_rh'>
    <TestCaseFunction 'test_positive_promote_rh_custom_spin'>
    <TestCaseFunction 'test_positive_publish_rh'>
    <TestCaseFunction 'test_positive_publish_rh_custom_spin'>
    <TestCaseFunction 'test_positive_update_rh_custom_spin'>
  <UnitTestCase 'ContentViewRolesTestCase'>
    <TestCaseFunction 'test_negative_non_readonly_user_actions'>
    <TestCaseFunction 'test_negative_readonly_user_actions'>
    <TestCaseFunction 'test_positive_admin_user_actions'>
    <TestCaseFunction 'test_positive_readonly_user_actions'>
  <UnitTestCase 'OstreeContentViewTestCase'>
    <TestCaseFunction 'test_positive_add_custom_ostree_content'>
    <TestCaseFunction 'test_positive_promote_custom_ostree'>
    <TestCaseFunction 'test_positive_publish_custom_ostree'>
    <TestCaseFunction 'test_positive_publish_promote_with_custom_ostree_and_other'>
  <UnitTestCase 'ContentViewRedHatOstreeContent'>
    <TestCaseFunction 'test_positive_add_rh_ostree_content'>
    <TestCaseFunction 'test_positive_promote_RH_ostree'>
    <TestCaseFunction 'test_positive_publish_RH_ostree'>
    <TestCaseFunction 'test_positive_publish_promote_with_RH_ostree_and_other'>
  <UnitTestCase 'ContentViewFileRepoTestCase'>
    <TestCaseFunction 'test_positive_arbitrary_file_repo_addition'>
    <TestCaseFunction 'test_positive_arbitrary_file_repo_promotion'>
    <TestCaseFunction 'test_positive_arbitrary_file_repo_removal'>
    <TestCaseFunction 'test_positive_arbitrary_file_sync_over_capsule'>
<Module 'tests/foreman/api/test_contentviewfilter.py'>
  <UnitTestCase 'ContentViewFilterTestCase'>
    <TestCaseFunction 'test_negative_create_with_invalid_name'>
    <TestCaseFunction 'test_negative_create_with_invalid_repo_id'>
    <TestCaseFunction 'test_negative_create_with_same_name'>
    <TestCaseFunction 'test_negative_create_without_cv'>
    <TestCaseFunction 'test_negative_get_with_bad_args'>
    <TestCaseFunction 'test_negative_get_with_no_args'>
    <TestCaseFunction 'test_negative_update_cv_by_id'>
    <TestCaseFunction 'test_negative_update_name'>
    <TestCaseFunction 'test_negative_update_repo'>
    <TestCaseFunction 'test_negative_update_repo_by_id'>
    <TestCaseFunction 'test_negative_update_same_name'>
    <TestCaseFunction 'test_positive_create_erratum_with_name'>
    <TestCaseFunction 'test_positive_create_pkg_group_with_name'>
    <TestCaseFunction 'test_positive_create_rpm_with_name'>
    <TestCaseFunction 'test_positive_create_with_description'>
    <TestCaseFunction 'test_positive_create_with_docker_repos'>
    <TestCaseFunction 'test_positive_create_with_inclusion'>
    <TestCaseFunction 'test_positive_create_with_original_packages'>
    <TestCaseFunction 'test_positive_create_with_repo'>
    <TestCaseFunction 'test_positive_delete_by_id'>
    <TestCaseFunction 'test_positive_update_description'>
    <TestCaseFunction 'test_positive_update_inclusion'>
    <TestCaseFunction 'test_positive_update_name'>
    <TestCaseFunction 'test_positive_update_original_packages'>
    <TestCaseFunction 'test_positive_update_repo'>
    <TestCaseFunction 'test_positive_update_repo_with_docker'>
    <TestCaseFunction 'test_positive_update_repos'>
  <UnitTestCase 'ContentViewFilterSearchTestCase'>
    <TestCaseFunction 'test_positive_search_erratum'>
    <TestCaseFunction 'test_positive_search_package_group'>
    <TestCaseFunction 'test_positive_search_rpm'>
<Module 'tests/foreman/api/test_contentviewversion.py'>
  <UnitTestCase 'ContentViewVersionCreateTestCase'>
    <TestCaseFunction 'test_negative_create'>
    <TestCaseFunction 'test_positive_create'>
  <UnitTestCase 'ContentViewVersionPromoteTestCase'>
    <TestCaseFunction 'test_negative_promote_out_of_sequence_environment'>
    <TestCaseFunction 'test_negative_promote_valid_environment'>
    <TestCaseFunction 'test_positive_promote_out_of_sequence_environment'>
    <TestCaseFunction 'test_positive_promote_valid_environment'>
  <UnitTestCase 'ContentViewVersionDeleteTestCase'>
    <TestCaseFunction 'test_negative_delete'>
    <TestCaseFunction 'test_positive_delete'>
    <TestCaseFunction 'test_positive_delete_composite_version'>
    <TestCaseFunction 'test_positive_delete_cv_multi_env_promoted_with_host_registered'>
    <TestCaseFunction 'test_positive_delete_cv_promoted_to_multi_env'>
    <TestCaseFunction 'test_positive_delete_non_default'>
    <TestCaseFunction 'test_positive_delete_with_puppet_content'>
    <TestCaseFunction 'test_positive_remove_cv_version_from_env'>
    <TestCaseFunction 'test_positive_remove_cv_version_from_env_with_host_registered'>
    <TestCaseFunction 'test_positive_remove_cv_version_from_multi_env'>
    <TestCaseFunction 'test_positive_remove_cv_version_from_multi_env_capsule_scenario'>
    <TestCaseFunction 'test_positive_remove_prod_promoted_cv_version_from_default_env'>
    <TestCaseFunction 'test_positive_remove_qe_promoted_cv_version_from_default_env'>
    <TestCaseFunction 'test_positive_remove_renamed_cv_version_from_default_env'>
  <UnitTestCase 'ContentViewVersionIncrementalTestCase'>
    <TestCaseFunction 'test_positive_incremental_update_propagate_composite'>
    <TestCaseFunction 'test_positive_incremental_update_puppet'>
<Module 'tests/foreman/api/test_discoveredhost.py'>
  <UnitTestCase 'DiscoveryTestCase'>
    <TestCaseFunction 'test_positive_auto_provision_all'>
    <TestCaseFunction 'test_positive_auto_provision_pxe_host'>
    <TestCaseFunction 'test_positive_auto_provision_pxe_less_host'>
    <TestCaseFunction 'test_positive_create'>
    <TestCaseFunction 'test_positive_delete_pxe_host'>
    <TestCaseFunction 'test_positive_delete_pxe_less_host'>
    <TestCaseFunction 'test_positive_list_all'>
    <TestCaseFunction 'test_positive_list_facts'>
    <TestCaseFunction 'test_positive_multi_provision_with_rule_limit'>
    <TestCaseFunction 'test_positive_provision_host_with_rule'>
    <TestCaseFunction 'test_positive_provision_multihost_with_rule'>
    <TestCaseFunction 'test_positive_provision_pxe_host'>
    <TestCaseFunction 'test_positive_provision_pxe_less_host'>
    <TestCaseFunction 'test_positive_provision_with_rule_priority'>
    <TestCaseFunction 'test_positive_provision_with_updated_discovery_rule'>
    <TestCaseFunction 'test_positive_provision_with_updated_hostname_in_rule'>
    <TestCaseFunction 'test_positive_reboot_pxe_host'>
    <TestCaseFunction 'test_positive_reboot_pxe_less_host'>
    <TestCaseFunction 'test_positive_refresh_facts_pxe_host'>
    <TestCaseFunction 'test_positive_refresh_facts_pxe_less_host'>
    <TestCaseFunction 'test_positive_show'>
    <TestCaseFunction 'test_positive_upload_facts'>
<Module 'tests/foreman/api/test_discoveryrule.py'>
  <UnitTestCase 'DiscoveryRuleTestCase'>
    <TestCaseFunction 'test_negative_create_with_invalid_host_limit'>
    <TestCaseFunction 'test_negative_create_with_invalid_priority'>
    <TestCaseFunction 'test_negative_create_with_too_long_name'>
    <TestCaseFunction 'test_positive_create_with_name'>
    <TestCaseFunction 'test_positive_create_with_org_loc'>
    <TestCaseFunction 'test_positive_delete'>
    <TestCaseFunction 'test_positive_disable'>
    <TestCaseFunction 'test_positive_update_host_limit'>
    <TestCaseFunction 'test_positive_update_name'>
    <TestCaseFunction 'test_positive_update_org_loc'>
    <TestCaseFunction 'test_positive_update_rule_hostgroup'>
    <TestCaseFunction 'test_positive_update_search_rule'>
<Module 'tests/foreman/api/test_docker.py'>
  <UnitTestCase 'DockerRepositoryTestCase'>
    <TestCaseFunction 'test_negative_create_with_invalid_upstream_name'>
    <TestCaseFunction 'test_positive_create_repos_using_multiple_products'>
    <TestCaseFunction 'test_positive_create_repos_using_same_product'>
    <TestCaseFunction 'test_positive_create_with_name'>
    <TestCaseFunction 'test_positive_create_with_upstream_name'>
    <TestCaseFunction 'test_positive_delete'>
    <TestCaseFunction 'test_positive_delete_random_repo'>
    <TestCaseFunction 'test_positive_sync'>
    <TestCaseFunction 'test_positive_update_name'>
    <TestCaseFunction 'test_positive_update_upstream_name'>
    <TestCaseFunction 'test_positive_update_url'>
  <UnitTestCase 'DockerContentViewTestCase'>
    <TestCaseFunction 'test_positive_add_docker_repo'>
    <TestCaseFunction 'test_positive_add_docker_repo_to_ccv'>
    <TestCaseFunction 'test_positive_add_docker_repos'>
    <TestCaseFunction 'test_positive_add_docker_repos_to_ccv'>
    <TestCaseFunction 'test_positive_add_synced_docker_repo'>
    <TestCaseFunction 'test_positive_promote_multiple_with_docker_repo'>
    <TestCaseFunction 'test_positive_promote_multiple_with_docker_repo_composite'>
    <TestCaseFunction 'test_positive_promote_with_docker_repo'>
    <TestCaseFunction 'test_positive_promote_with_docker_repo_composite'>
    <TestCaseFunction 'test_positive_publish_multiple_with_docker_repo'>
    <TestCaseFunction 'test_positive_publish_multiple_with_docker_repo_composite'>
    <TestCaseFunction 'test_positive_publish_with_docker_repo'>
    <TestCaseFunction 'test_positive_publish_with_docker_repo_composite'>
  <UnitTestCase 'DockerActivationKeyTestCase'>
    <TestCaseFunction 'test_positive_add_docker_repo_ccv'>
    <TestCaseFunction 'test_positive_add_docker_repo_cv'>
    <TestCaseFunction 'test_positive_remove_docker_repo_ccv'>
    <TestCaseFunction 'test_positive_remove_docker_repo_cv'>
  <UnitTestCase 'DockerComputeResourceTestCase'>
    <TestCaseFunction 'test_positive_create_external'>
    <TestCaseFunction 'test_positive_create_internal'>
    <TestCaseFunction 'test_positive_delete'>
    <TestCaseFunction 'test_positive_list_containers'>
    <TestCaseFunction 'test_positive_update_internal'>
  <UnitTestCase 'DockerContainerTestCase'>
    <TestCaseFunction 'test_positive_create_using_cv'>
    <TestCaseFunction 'test_positive_create_with_compresource'>
    <TestCaseFunction 'test_positive_create_with_external_registry'>
    <TestCaseFunction 'test_positive_delete'>
    <TestCaseFunction 'test_positive_power_on_off'>
    <TestCaseFunction 'test_positive_read_container_log'>
  <UnitTestCase 'DockerRegistryTestCase'>
    <TestCaseFunction 'test_positive_create_with_name'>
    <TestCaseFunction 'test_positive_delete'>
    <TestCaseFunction 'test_positive_update_description'>
    <TestCaseFunction 'test_positive_update_name'>
    <TestCaseFunction 'test_positive_update_url'>
    <TestCaseFunction 'test_positive_update_username'>
<Module 'tests/foreman/api/test_email.py'>
  <UnitTestCase 'EmailTestCase'>
    <TestCaseFunction 'test_positive_enable_and_disable_notification'>
<Module 'tests/foreman/api/test_environment.py'>
  <UnitTestCase 'EnvironmentTestCase'>
    <TestCaseFunction 'test_negative_create_with_invalid_characters'>
    <TestCaseFunction 'test_negative_create_with_too_long_name'>
    <TestCaseFunction 'test_negative_update_name'>
    <TestCaseFunction 'test_positive_create_with_loc'>
    <TestCaseFunction 'test_positive_create_with_name'>
    <TestCaseFunction 'test_positive_create_with_org'>
    <TestCaseFunction 'test_positive_delete'>
    <TestCaseFunction 'test_positive_update_loc'>
    <TestCaseFunction 'test_positive_update_name'>
    <TestCaseFunction 'test_positive_update_org'>
  <UnitTestCase 'MissingAttrEnvironmentTestCase'>
    <TestCaseFunction 'test_positive_update_loc'>
    <TestCaseFunction 'test_positive_update_org'>
<Module 'tests/foreman/api/test_errata.py'>
  <UnitTestCase 'ErrataTestCase'>
    <TestCaseFunction 'test_positive_bulk_install_package'>
    <TestCaseFunction 'test_positive_filter_by_cve'>
    <TestCaseFunction 'test_positive_filter_by_envs'>
    <TestCaseFunction 'test_positive_get_applicable_for_host'>
    <TestCaseFunction 'test_positive_get_count_for_host'>
    <TestCaseFunction 'test_positive_get_diff_for_cv_envs'>
    <TestCaseFunction 'test_positive_incremental_update_apply_packages_to_envs_cvs'>
    <TestCaseFunction 'test_positive_incremental_update_apply_to_envs_cvs'>
    <TestCaseFunction 'test_positive_incremental_update_query_envs_cvs'>
    <TestCaseFunction 'test_positive_install_in_hc'>
    <TestCaseFunction 'test_positive_install_in_host'>
    <TestCaseFunction 'test_positive_install_multiple_in_host'>
    <TestCaseFunction 'test_positive_list'>
    <TestCaseFunction 'test_positive_list_updated'>
    <TestCaseFunction 'test_positive_sort_by_issued_date'>
<Module 'tests/foreman/api/test_filter.py'>
  <UnitTestCase 'FilterTestCase'>
    <TestCaseFunction 'test_positive_create_with_permission'>
    <TestCaseFunction 'test_positive_delete'>
    <TestCaseFunction 'test_positive_delete_role'>
<Module 'tests/foreman/api/test_foremantask.py'>
  <UnitTestCase 'ForemanTaskTestCase'>
    <TestCaseFunction 'test_negative_fetch_non_existent_task'>
    <TestCaseFunction 'test_positive_get_summary'>
<Module 'tests/foreman/api/test_gpgkey.py'>
  <UnitTestCase 'GPGKeyTestCase'>
    <TestCaseFunction 'test_negative_create_name'>
    <TestCaseFunction 'test_negative_create_with_content'>
    <TestCaseFunction 'test_negative_create_with_same_name'>
    <TestCaseFunction 'test_negative_update_content'>
    <TestCaseFunction 'test_negative_update_name'>
    <TestCaseFunction 'test_negative_update_same_name'>
    <TestCaseFunction 'test_positive_create_with_content'>
    <TestCaseFunction 'test_positive_create_with_name'>
    <TestCaseFunction 'test_positive_delete'>
    <TestCaseFunction 'test_positive_search_in_org'>
    <TestCaseFunction 'test_positive_update_content'>
    <TestCaseFunction 'test_positive_update_name'>
<Module 'tests/foreman/api/test_host.py'>
  <UnitTestCase 'HostTestCase'>
    <TestCaseFunction 'test_negative_auto_attach_future_subscription'>
    <TestCaseFunction 'test_negative_create_with_owner_type'>
    <TestCaseFunction 'test_negative_update_arch'>
    <TestCaseFunction 'test_negative_update_mac'>
    <TestCaseFunction 'test_negative_update_name'>
    <TestCaseFunction 'test_negative_update_os'>
    <TestCaseFunction 'test_positive_add_future_subscription'>
    <TestCaseFunction 'test_positive_add_future_subscription_with_ak'>
    <TestCaseFunction 'test_positive_create_baremetal_with_bios'>
    <TestCaseFunction 'test_positive_create_baremetal_with_uefi'>
    <TestCaseFunction 'test_positive_create_inherit_lce_cv'>
    <TestCaseFunction 'test_positive_create_with_build_parameter'>
    <TestCaseFunction 'test_positive_create_with_comment'>
    <TestCaseFunction 'test_positive_create_with_compresource'>
    <TestCaseFunction 'test_positive_create_with_compute_profile'>
    <TestCaseFunction 'test_positive_create_with_content_view'>
    <TestCaseFunction 'test_positive_create_with_enabled_parameter'>
    <TestCaseFunction 'test_positive_create_with_host_parameters'>
    <TestCaseFunction 'test_positive_create_with_hostgroup'>
    <TestCaseFunction 'test_positive_create_with_image'>
    <TestCaseFunction 'test_positive_create_with_inherited_params'>
    <TestCaseFunction 'test_positive_create_with_ip'>
    <TestCaseFunction 'test_positive_create_with_managed_parameter'>
    <TestCaseFunction 'test_positive_create_with_model'>
    <TestCaseFunction 'test_positive_create_with_name'>
    <TestCaseFunction 'test_positive_create_with_provision_method'>
    <TestCaseFunction 'test_positive_create_with_puppet_ca_proxy'>
    <TestCaseFunction 'test_positive_create_with_puppet_class'>
    <TestCaseFunction 'test_positive_create_with_puppet_proxy'>
    <TestCaseFunction 'test_positive_create_with_subnet'>
    <TestCaseFunction 'test_positive_create_with_user'>
    <TestCaseFunction 'test_positive_create_with_usergroup'>
    <TestCaseFunction 'test_positive_delete'>
    <TestCaseFunction 'test_positive_get_per_page'>
    <TestCaseFunction 'test_positive_get_search'>
    <TestCaseFunction 'test_positive_read_content_source_id'>
    <TestCaseFunction 'test_positive_read_enc_information'>
    <TestCaseFunction 'test_positive_read_puppet_ca_proxy_name'>
    <TestCaseFunction 'test_positive_read_puppet_proxy_name'>
    <TestCaseFunction 'test_positive_search_by_org_id'>
    <TestCaseFunction 'test_positive_update_arch'>
    <TestCaseFunction 'test_positive_update_build_parameter'>
    <TestCaseFunction 'test_positive_update_comment'>
    <TestCaseFunction 'test_positive_update_compresource'>
    <TestCaseFunction 'test_positive_update_compute_profile'>
    <TestCaseFunction 'test_positive_update_content_source_id'>
    <TestCaseFunction 'test_positive_update_content_view'>
    <TestCaseFunction 'test_positive_update_domain'>
    <TestCaseFunction 'test_positive_update_enabled_parameter'>
    <TestCaseFunction 'test_positive_update_env'>
    <TestCaseFunction 'test_positive_update_host_parameters'>
    <TestCaseFunction 'test_positive_update_hostgroup'>
    <TestCaseFunction 'test_positive_update_image'>
    <TestCaseFunction 'test_positive_update_ip'>
    <TestCaseFunction 'test_positive_update_mac'>
    <TestCaseFunction 'test_positive_update_managed_parameter'>
    <TestCaseFunction 'test_positive_update_medium'>
    <TestCaseFunction 'test_positive_update_model'>
    <TestCaseFunction 'test_positive_update_name'>
    <TestCaseFunction 'test_positive_update_os'>
    <TestCaseFunction 'test_positive_update_owner_type'>
    <TestCaseFunction 'test_positive_update_puppet_ca_proxy'>
    <TestCaseFunction 'test_positive_update_puppet_class'>
    <TestCaseFunction 'test_positive_update_puppet_proxy'>
    <TestCaseFunction 'test_positive_update_subnet'>
    <TestCaseFunction 'test_positive_update_user'>
    <TestCaseFunction 'test_positive_update_usergroup'>
    <TestCaseFunction 'test_positive_verify_files_with_pxegrub2_uefi'>
    <TestCaseFunction 'test_positive_verify_files_with_pxegrub2_uefi_secureboot'>
    <TestCaseFunction 'test_positive_verify_files_with_pxegrub_uefi'>
    <TestCaseFunction 'test_positive_verify_files_with_pxegrub_uefi_secureboot'>
  <UnitTestCase 'HostInterfaceTestCase'>
    <TestCaseFunction 'test_negative_create_with_name'>
    <TestCaseFunction 'test_negative_delete'>
    <TestCaseFunction 'test_negative_update_name'>
    <TestCaseFunction 'test_positive_create_with_name'>
    <TestCaseFunction 'test_positive_delete'>
    <TestCaseFunction 'test_positive_delete_and_check_host'>
    <TestCaseFunction 'test_positive_update_name'>
<Module 'tests/foreman/api/test_hostcollection.py'>
  <UnitTestCase 'HostCollectionTestCase'>
    <TestCaseFunction 'test_negative_create_with_invalid_name'>
    <TestCaseFunction 'test_positive_add_host'>
    <TestCaseFunction 'test_positive_add_hosts'>
    <TestCaseFunction 'test_positive_add_subscription'>
    <TestCaseFunction 'test_positive_create_with_description'>
    <TestCaseFunction 'test_positive_create_with_host'>
    <TestCaseFunction 'test_positive_create_with_hosts'>
    <TestCaseFunction 'test_positive_create_with_limit'>
    <TestCaseFunction 'test_positive_create_with_name'>
    <TestCaseFunction 'test_positive_create_with_unlimited_hosts'>
    <TestCaseFunction 'test_positive_delete'>
    <TestCaseFunction 'test_positive_list'>
    <TestCaseFunction 'test_positive_list_for_organization'>
    <TestCaseFunction 'test_positive_read_host_ids'>
    <TestCaseFunction 'test_positive_remove_subscription'>
    <TestCaseFunction 'test_positive_update_description'>
    <TestCaseFunction 'test_positive_update_host'>
    <TestCaseFunction 'test_positive_update_hosts'>
    <TestCaseFunction 'test_positive_update_limit'>
    <TestCaseFunction 'test_positive_update_name'>
    <TestCaseFunction 'test_positive_update_unlimited_hosts'>
<Module 'tests/foreman/api/test_hostgroup.py'>
  <UnitTestCase 'HostGroupTestCase'>
    <TestCaseFunction 'test_negative_create_with_name'>
    <TestCaseFunction 'test_negative_update_name'>
    <TestCaseFunction 'test_positive_clone'>
    <TestCaseFunction 'test_positive_create_with_arch'>
    <TestCaseFunction 'test_positive_create_with_content_source'>
    <TestCaseFunction 'test_positive_create_with_cv'>
    <TestCaseFunction 'test_positive_create_with_domain'>
    <TestCaseFunction 'test_positive_create_with_env'>
    <TestCaseFunction 'test_positive_create_with_lce'>
    <TestCaseFunction 'test_positive_create_with_locs'>
    <TestCaseFunction 'test_positive_create_with_media'>
    <TestCaseFunction 'test_positive_create_with_name'>
    <TestCaseFunction 'test_positive_create_with_orgs'>
    <TestCaseFunction 'test_positive_create_with_os'>
    <TestCaseFunction 'test_positive_create_with_parent'>
    <TestCaseFunction 'test_positive_create_with_ptable'>
    <TestCaseFunction 'test_positive_create_with_puppet_ca_proxy'>
    <TestCaseFunction 'test_positive_create_with_puppet_proxy'>
    <TestCaseFunction 'test_positive_create_with_realm'>
    <TestCaseFunction 'test_positive_create_with_subnet'>
    <TestCaseFunction 'test_positive_delete'>
    <TestCaseFunction 'test_positive_update_arch'>
    <TestCaseFunction 'test_positive_update_content_source'>
    <TestCaseFunction 'test_positive_update_cv'>
    <TestCaseFunction 'test_positive_update_domain'>
    <TestCaseFunction 'test_positive_update_env'>
    <TestCaseFunction 'test_positive_update_lce'>
    <TestCaseFunction 'test_positive_update_loc'>
    <TestCaseFunction 'test_positive_update_locs'>
    <TestCaseFunction 'test_positive_update_media'>
    <TestCaseFunction 'test_positive_update_name'>
    <TestCaseFunction 'test_positive_update_org'>
    <TestCaseFunction 'test_positive_update_orgs'>
    <TestCaseFunction 'test_positive_update_os'>
    <TestCaseFunction 'test_positive_update_parent'>
    <TestCaseFunction 'test_positive_update_ptable'>
    <TestCaseFunction 'test_positive_update_puppet_ca_proxy'>
    <TestCaseFunction 'test_positive_update_puppet_proxy'>
    <TestCaseFunction 'test_positive_update_realm'>
    <TestCaseFunction 'test_positive_update_subnet'>
    <TestCaseFunction 'test_verify_bugzilla_1107708'>
  <UnitTestCase 'HostGroupMissingAttrTestCase'>
    <TestCaseFunction 'test_positive_get_content_source'>
    <TestCaseFunction 'test_positive_get_cv'>
    <TestCaseFunction 'test_positive_get_lce'>
    <TestCaseFunction 'test_positive_read_puppet_ca_proxy_name'>
    <TestCaseFunction 'test_positive_read_puppet_proxy_name'>
<Module 'tests/foreman/api/test_lifecycleenvironment.py'>
  <UnitTestCase 'LifecycleEnvironmentTestCase'>
    <TestCaseFunction 'test_negative_create_with_invalid_name'>
    <TestCaseFunction 'test_negative_update_name'>
    <TestCaseFunction 'test_positive_create_environment_after_host_register'>
    <TestCaseFunction 'test_positive_create_prior'>
    <TestCaseFunction 'test_positive_create_with_description'>
    <TestCaseFunction 'test_positive_create_with_name'>
    <TestCaseFunction 'test_positive_delete'>
    <TestCaseFunction 'test_positive_search_in_org'>
    <TestCaseFunction 'test_positive_update_description'>
    <TestCaseFunction 'test_positive_update_name'>
<Module 'tests/foreman/api/test_location.py'>
  <UnitTestCase 'LocationTestCase'>
    <TestCaseFunction 'test_negative_create_with_domain'>
    <TestCaseFunction 'test_negative_create_with_name'>
    <TestCaseFunction 'test_negative_create_with_same_name'>
    <TestCaseFunction 'test_negative_update_domain'>
    <TestCaseFunction 'test_negative_update_name'>
    <TestCaseFunction 'test_positive_create_with_capsule'>
    <TestCaseFunction 'test_positive_create_with_comma_separated_name'>
    <TestCaseFunction 'test_positive_create_with_description'>
    <TestCaseFunction 'test_positive_create_with_docker_compresource'>
    <TestCaseFunction 'test_positive_create_with_domain'>
    <TestCaseFunction 'test_positive_create_with_env'>
    <TestCaseFunction 'test_positive_create_with_hostgroup'>
    <TestCaseFunction 'test_positive_create_with_libvirt_compresource'>
    <TestCaseFunction 'test_positive_create_with_name'>
    <TestCaseFunction 'test_positive_create_with_org'>
    <TestCaseFunction 'test_positive_create_with_orgs'>
    <TestCaseFunction 'test_positive_create_with_subnet'>
    <TestCaseFunction 'test_positive_create_with_template'>
    <TestCaseFunction 'test_positive_create_with_user'>
    <TestCaseFunction 'test_positive_delete'>
    <TestCaseFunction 'test_positive_remove_capsule'>
    <TestCaseFunction 'test_positive_update_capsule'>
    <TestCaseFunction 'test_positive_update_description'>
    <TestCaseFunction 'test_positive_update_docker_compresource'>
    <TestCaseFunction 'test_positive_update_domain'>
    <TestCaseFunction 'test_positive_update_env'>
    <TestCaseFunction 'test_positive_update_hostgroup'>
    <TestCaseFunction 'test_positive_update_libvirt_compresource'>
    <TestCaseFunction 'test_positive_update_name'>
    <TestCaseFunction 'test_positive_update_org'>
    <TestCaseFunction 'test_positive_update_orgs'>
    <TestCaseFunction 'test_positive_update_subnet'>
    <TestCaseFunction 'test_positive_update_template'>
    <TestCaseFunction 'test_positive_update_user'>
<Module 'tests/foreman/api/test_media.py'>
  <UnitTestCase 'MediaTestCase'>
    <TestCaseFunction 'test_negative_create_with_invalid_name'>
    <TestCaseFunction 'test_negative_create_with_invalid_os_family'>
    <TestCaseFunction 'test_negative_create_with_invalid_url'>
    <TestCaseFunction 'test_negative_update_name'>
    <TestCaseFunction 'test_negative_update_os_family'>
    <TestCaseFunction 'test_negative_update_url'>
    <TestCaseFunction 'test_positive_create_with_location'>
    <TestCaseFunction 'test_positive_create_with_name'>
    <TestCaseFunction 'test_positive_create_with_os'>
    <TestCaseFunction 'test_positive_create_with_os_family'>
    <TestCaseFunction 'test_positive_delete'>
    <TestCaseFunction 'test_positive_update_name'>
    <TestCaseFunction 'test_positive_update_os_family'>
    <TestCaseFunction 'test_positive_update_url'>
<Module 'tests/foreman/api/test_multiple_paths.py'>
  <UnitTestCase 'EntityTestCase'>
    <TestCaseFunction 'test_negative_get_unauthorized'>
    <TestCaseFunction 'test_negative_post_unauthorized'>
    <TestCaseFunction 'test_positive_get_status_code'>
    <TestCaseFunction 'test_positive_post_status_code'>
  <UnitTestCase 'EntityIdTestCase'>
    <TestCaseFunction 'test_positive_delete_status_code'>
    <TestCaseFunction 'test_positive_get_status_code'>
    <TestCaseFunction 'test_positive_put_status_code'>
  <UnitTestCase 'DoubleCheckTestCase'>
    <TestCaseFunction 'test_positive_delete_and_get_requests'>
    <TestCaseFunction 'test_positive_post_and_get_requests'>
    <TestCaseFunction 'test_positive_put_and_get_requests'>
  <UnitTestCase 'EntityReadTestCase'>
    <TestCaseFunction 'test_positive_architecture_read'>
    <TestCaseFunction 'test_positive_entity_read'>
    <TestCaseFunction 'test_positive_media_read'>
    <TestCaseFunction 'test_positive_osparameter_read'>
    <TestCaseFunction 'test_positive_permission_read'>
    <TestCaseFunction 'test_positive_syncplan_read'>
<Module 'tests/foreman/api/test_operatingsystem.py'>
  <UnitTestCase 'OperatingSystemParameterTestCase'>
    <TestCaseFunction 'test_verify_bugzilla_1114640'>
  <UnitTestCase 'OperatingSystemTestCase'>
    <TestCaseFunction 'test_negative_create_with_invalid_major_version'>
    <TestCaseFunction 'test_negative_create_with_invalid_minor_version'>
    <TestCaseFunction 'test_negative_create_with_invalid_name'>
    <TestCaseFunction 'test_negative_create_with_invalid_os_family'>
    <TestCaseFunction 'test_negative_create_with_invalid_password_hash'>
    <TestCaseFunction 'test_negative_create_with_same_name_and_version'>
    <TestCaseFunction 'test_negative_create_with_too_long_description'>
    <TestCaseFunction 'test_negative_update_major_version'>
    <TestCaseFunction 'test_negative_update_minor_version'>
    <TestCaseFunction 'test_negative_update_name'>
    <TestCaseFunction 'test_negative_update_os_family'>
    <TestCaseFunction 'test_positive_create_with_arch'>
    <TestCaseFunction 'test_positive_create_with_archs'>
    <TestCaseFunction 'test_positive_create_with_description'>
    <TestCaseFunction 'test_positive_create_with_media'>
    <TestCaseFunction 'test_positive_create_with_minor_version'>
    <TestCaseFunction 'test_positive_create_with_name'>
    <TestCaseFunction 'test_positive_create_with_os_family'>
    <TestCaseFunction 'test_positive_create_with_password_hash'>
    <TestCaseFunction 'test_positive_create_with_ptable'>
    <TestCaseFunction 'test_positive_create_with_ptables'>
    <TestCaseFunction 'test_positive_create_with_template'>
    <TestCaseFunction 'test_positive_delete'>
    <TestCaseFunction 'test_positive_update_arch'>
    <TestCaseFunction 'test_positive_update_description'>
    <TestCaseFunction 'test_positive_update_major_version'>
    <TestCaseFunction 'test_positive_update_media'>
    <TestCaseFunction 'test_positive_update_medias'>
    <TestCaseFunction 'test_positive_update_minor_version'>
    <TestCaseFunction 'test_positive_update_name'>
    <TestCaseFunction 'test_positive_update_os_family'>
    <TestCaseFunction 'test_positive_update_ptable'>
    <TestCaseFunction 'test_positive_update_template'>
    <TestCaseFunction 'test_verify_bugzilla_1230902'>
<Module 'tests/foreman/api/test_organization.py'>
  <UnitTestCase 'OrganizationTestCase'>
    <TestCaseFunction 'test_negative_create_with_invalid_name'>
    <TestCaseFunction 'test_negative_create_with_same_name'>
    <TestCaseFunction 'test_negative_create_with_wrong_path'>
    <TestCaseFunction 'test_positive_create_text_plain'>
    <TestCaseFunction 'test_positive_create_with_auto_label'>
    <TestCaseFunction 'test_positive_create_with_custom_label'>
    <TestCaseFunction 'test_positive_create_with_name_and_description'>
    <TestCaseFunction 'test_positive_create_with_name_and_label'>
    <TestCaseFunction 'test_positive_create_with_name_label_description'>
    <TestCaseFunction 'test_positive_search'>
  <UnitTestCase 'OrganizationUpdateTestCase'>
    <TestCaseFunction 'test_negative_update'>
    <TestCaseFunction 'test_positive_add_hostgroup'>
    <TestCaseFunction 'test_positive_add_media'>
    <TestCaseFunction 'test_positive_add_smart_proxy'>
    <TestCaseFunction 'test_positive_remove_hostgroup'>
    <TestCaseFunction 'test_positive_remove_smart_proxy'>
    <TestCaseFunction 'test_positive_update_description'>
    <TestCaseFunction 'test_positive_update_name'>
    <TestCaseFunction 'test_positive_update_name_and_description'>
    <TestCaseFunction 'test_positive_update_subnet'>
    <TestCaseFunction 'test_positive_update_user'>
    <TestCaseFunction 'test_verify_bugzilla_1103157'>
<Module 'tests/foreman/api/test_partitiontable.py'>
  <UnitTestCase 'PartitionTableTestCase'>
    <TestCaseFunction 'test_negative_create_with_empty_layout'>
    <TestCaseFunction 'test_negative_create_with_invalid_name'>
    <TestCaseFunction 'test_negative_update_layout'>
    <TestCaseFunction 'test_negative_update_name'>
    <TestCaseFunction 'test_positive_create_with_layout'>
    <TestCaseFunction 'test_positive_create_with_layout_length'>
    <TestCaseFunction 'test_positive_create_with_name'>
    <TestCaseFunction 'test_positive_create_with_one_character_name'>
    <TestCaseFunction 'test_positive_create_with_org'>
    <TestCaseFunction 'test_positive_create_with_os'>
    <TestCaseFunction 'test_positive_delete'>
    <TestCaseFunction 'test_positive_search'>
    <TestCaseFunction 'test_positive_search_by_organization'>
    <TestCaseFunction 'test_positive_update_layout'>
    <TestCaseFunction 'test_positive_update_name'>
    <TestCaseFunction 'test_positive_update_os'>
<Module 'tests/foreman/api/test_permission.py'>
  <UnitTestCase 'PermissionTestCase'>
    <TestCaseFunction 'test_positive_search'>
    <TestCaseFunction 'test_positive_search_by_name'>
    <TestCaseFunction 'test_positive_search_by_resource_type'>
  <UnitTestCase 'UserRoleTestCase'>
    <TestCaseFunction 'test_positive_check_create'>
    <TestCaseFunction 'test_positive_check_delete'>
    <TestCaseFunction 'test_positive_check_read'>
    <TestCaseFunction 'test_positive_check_update'>
<Module 'tests/foreman/api/test_product.py'>
  <UnitTestCase 'ProductTestCase'>
    <TestCaseFunction 'test_negative_create_with_label'>
    <TestCaseFunction 'test_negative_create_with_name'>
    <TestCaseFunction 'test_negative_create_with_same_name'>
    <TestCaseFunction 'test_negative_update_label'>
    <TestCaseFunction 'test_negative_update_name'>
    <TestCaseFunction 'test_positive_create_with_description'>
    <TestCaseFunction 'test_positive_create_with_gpg'>
    <TestCaseFunction 'test_positive_create_with_label'>
    <TestCaseFunction 'test_positive_create_with_name'>
    <TestCaseFunction 'test_positive_delete'>
    <TestCaseFunction 'test_positive_sync'>
    <TestCaseFunction 'test_positive_sync_several_repos'>
    <TestCaseFunction 'test_positive_update_description'>
    <TestCaseFunction 'test_positive_update_gpg'>
    <TestCaseFunction 'test_positive_update_name'>
    <TestCaseFunction 'test_positive_update_name_to_original'>
    <TestCaseFunction 'test_positive_update_organization'>
<Module 'tests/foreman/api/test_puppet.py'>
  <UnitTestCase 'PuppetTestCase'>
    <TestCaseFunction 'test_positive_puppet_scenario'>
  <UnitTestCase 'PuppetCapsuleTestCase'>
    <TestCaseFunction 'test_positive_puppet_capsule_scenario'>
<Module 'tests/foreman/api/test_puppetmodule.py'>
  <UnitTestCase 'RepositorySearchTestCase'>
    <TestCaseFunction 'test_positive_search_no_results'>
    <TestCaseFunction 'test_positive_search_single_result'>
  <UnitTestCase 'ContentViewVersionSearchTestCase'>
    <TestCaseFunction 'test_positive_search_no_results'>
    <TestCaseFunction 'test_positive_search_single_result'>
<Module 'tests/foreman/api/test_repository.py'>
  <UnitTestCase 'RepositoryTestCase'>
    <TestCaseFunction 'test_negative_create_checksum'>
    <TestCaseFunction 'test_negative_create_label'>
    <TestCaseFunction 'test_negative_create_name'>
    <TestCaseFunction 'test_negative_create_non_yum_with_download_policy'>
    <TestCaseFunction 'test_negative_create_url'>
    <TestCaseFunction 'test_negative_create_with_auth_url_too_long'>
    <TestCaseFunction 'test_negative_create_with_auth_url_with_special_characters'>
    <TestCaseFunction 'test_negative_create_with_invalid_download_policy'>
    <TestCaseFunction 'test_negative_create_with_same_name'>
    <TestCaseFunction 'test_negative_synchronize_auth_yum_repo'>
    <TestCaseFunction 'test_negative_update_auth_url_too_long'>
    <TestCaseFunction 'test_negative_update_auth_url_with_special_characters'>
    <TestCaseFunction 'test_negative_update_label'>
    <TestCaseFunction 'test_negative_update_name'>
    <TestCaseFunction 'test_negative_update_to_invalid_download_policy'>
    <TestCaseFunction 'test_positive_access_protected_repository'>
    <TestCaseFunction 'test_positive_create_background_update_to_immediate'>
    <TestCaseFunction 'test_positive_create_background_update_to_on_demand'>
    <TestCaseFunction 'test_positive_create_checksum'>
    <TestCaseFunction 'test_positive_create_immediate_update_to_background'>
    <TestCaseFunction 'test_positive_create_immediate_update_to_on_demand'>
    <TestCaseFunction 'test_positive_create_on_demand_update_to_background'>
    <TestCaseFunction 'test_positive_create_on_demand_update_to_immediate'>
    <TestCaseFunction 'test_positive_create_puppet'>
    <TestCaseFunction 'test_positive_create_puppet_repo_same_url_different_orgs'>
    <TestCaseFunction 'test_positive_create_same_name_different_orgs'>
    <TestCaseFunction 'test_positive_create_unprotected'>
    <TestCaseFunction 'test_positive_create_with_auth_puppet_repo'>
    <TestCaseFunction 'test_positive_create_with_auth_yum_repo'>
    <TestCaseFunction 'test_positive_create_with_default_download_policy'>
    <TestCaseFunction 'test_positive_create_with_download_policy'>
    <TestCaseFunction 'test_positive_create_with_gpg'>
    <TestCaseFunction 'test_positive_create_with_label'>
    <TestCaseFunction 'test_positive_create_with_name'>
    <TestCaseFunction 'test_positive_create_yum'>
    <TestCaseFunction 'test_positive_delete'>
    <TestCaseFunction 'test_positive_delete_puppet'>
    <TestCaseFunction 'test_positive_delete_rpm'>
    <TestCaseFunction 'test_positive_list_puppet_modules_with_multiple_repos'>
    <TestCaseFunction 'test_positive_remove_contents'>
    <TestCaseFunction 'test_positive_resynchronize_puppet_repo'>
    <TestCaseFunction 'test_positive_resynchronize_rpm_repo'>
    <TestCaseFunction 'test_positive_synchronize'>
    <TestCaseFunction 'test_positive_synchronize_auth_puppet_repo'>
    <TestCaseFunction 'test_positive_synchronize_auth_yum_repo'>
    <TestCaseFunction 'test_positive_update_checksum'>
    <TestCaseFunction 'test_positive_update_contents'>
    <TestCaseFunction 'test_positive_update_gpg'>
    <TestCaseFunction 'test_positive_update_name'>
    <TestCaseFunction 'test_positive_update_unprotected'>
    <TestCaseFunction 'test_positive_update_url'>
    <TestCaseFunction 'test_positive_upload_contents_srpm'>
  <UnitTestCase 'RepositorySyncTestCase'>
    <TestCaseFunction 'test_positive_sync_rh'>
  <UnitTestCase 'DockerRepositoryTestCase'>
    <TestCaseFunction 'test_negative_synchronize_private_registry_no_passwd'>
    <TestCaseFunction 'test_negative_synchronize_private_registry_wrong_password'>
    <TestCaseFunction 'test_negative_synchronize_private_registry_wrong_repo'>
    <TestCaseFunction 'test_positive_create'>
    <TestCaseFunction 'test_positive_synchronize'>
    <TestCaseFunction 'test_positive_synchronize_private_registry'>
    <TestCaseFunction 'test_positive_update_name'>
  <UnitTestCase 'OstreeRepositoryTestCase'>
    <TestCaseFunction 'test_positive_create_ostree'>
    <TestCaseFunction 'test_positive_delete_ostree'>
    <TestCaseFunction 'test_positive_sync_rh_atomic'>
    <TestCaseFunction 'test_positive_update_name'>
    <TestCaseFunction 'test_positive_update_url'>
  <UnitTestCase 'SRPMRepositoryTestCase'>
    <TestCaseFunction 'test_positive_sync'>
    <TestCaseFunction 'test_positive_sync_publish_cv'>
    <TestCaseFunction 'test_positive_sync_publish_promote_cv'>
  <UnitTestCase 'DRPMRepositoryTestCase'>
    <TestCaseFunction 'test_positive_sync'>
    <TestCaseFunction 'test_positive_sync_publish_cv'>
    <TestCaseFunction 'test_positive_sync_publish_promote_cv'>
  <UnitTestCase 'FileRepositoryTestCase'>
    <TestCaseFunction 'test_positive_file_permissions'>
    <TestCaseFunction 'test_positive_local_directory_sync'>
    <TestCaseFunction 'test_positive_remote_directory_sync'>
    <TestCaseFunction 'test_positive_remove_file'>
    <TestCaseFunction 'test_positive_symlinks_sync'>
    <TestCaseFunction 'test_positive_upload_file_to_file_repo'>
<Module 'tests/foreman/api/test_repository_set.py'>
  <UnitTestCase 'RepositorySetTestCase'>
    <TestCaseFunction 'test_positive_reposet_disable'>
    <TestCaseFunction 'test_positive_reposet_enable'>
<Module 'tests/foreman/api/test_rhsm.py'>
  <UnitTestCase 'RedHatSubscriptionManagerTestCase'>
    <TestCaseFunction 'test_positive_path'>
<Module 'tests/foreman/api/test_role.py'>
  <UnitTestCase 'RoleTestCase'>
    <TestCaseFunction 'test_positive_create'>
    <TestCaseFunction 'test_positive_delete'>
    <TestCaseFunction 'test_positive_update'>
  <UnitTestCase 'CannedRoleTestCases'>
    <TestCaseFunction 'test_negative_access_all_global_entities_by_org_admin'>
    <TestCaseFunction 'test_negative_access_entities_from_ldap_org_admin'>
    <TestCaseFunction 'test_negative_access_entities_from_ldap_user'>
    <TestCaseFunction 'test_negative_access_entities_from_org_admin'>
    <TestCaseFunction 'test_negative_access_entities_from_user'>
    <TestCaseFunction 'test_negative_access_users_outside_org_admin_taxonomies'>
    <TestCaseFunction 'test_negative_admin_permissions_to_org_admin'>
    <TestCaseFunction 'test_negative_assign_org_admin_to_ldap_user_group'>
    <TestCaseFunction 'test_negative_assign_org_admin_to_user_group'>
    <TestCaseFunction 'test_negative_assign_taxonomies_by_org_admin'>
    <TestCaseFunction 'test_negative_create_roles_by_org_admin'>
    <TestCaseFunction 'test_negative_create_taxonomies_by_org_admin'>
    <TestCaseFunction 'test_negative_modify_roles_by_org_admin'>
    <TestCaseFunction 'test_negative_override_non_overridable_filter'>
    <TestCaseFunction 'test_negative_update_role_taxonomies'>
    <TestCaseFunction 'test_positive_access_entities_from_ldap_org_admin'>
    <TestCaseFunction 'test_positive_access_users_inside_org_admin_taxonomies'>
    <TestCaseFunction 'test_positive_assign_org_admin_to_ldap_user_group'>
    <TestCaseFunction 'test_positive_clone_role_having_non_overridden_filter_with_taxonomies'>
    <TestCaseFunction 'test_positive_clone_role_having_overridden_filter_with_taxonomies'>
    <TestCaseFunction 'test_positive_clone_role_having_overridden_filter_without_taxonomies'>
    <TestCaseFunction 'test_positive_clone_role_having_unlimited_filter_with_taxonomies'>
    <TestCaseFunction 'test_positive_clone_role_without_taxonomies_non_overided_filter'>
    <TestCaseFunction 'test_positive_clone_role_without_taxonomies_unlimited_filter'>
    <TestCaseFunction 'test_positive_create_cloned_role_with_taxonomies'>
    <TestCaseFunction 'test_positive_create_filter_without_override'>
    <TestCaseFunction 'test_positive_create_non_overridable_filter'>
    <TestCaseFunction 'test_positive_create_org_admin_from_clone'>
    <TestCaseFunction 'test_positive_create_overridable_filter'>
    <TestCaseFunction 'test_positive_create_role_with_taxonomies'>
    <TestCaseFunction 'test_positive_create_role_without_taxonomies'>
    <TestCaseFunction 'test_positive_create_user_by_org_admin'>
    <TestCaseFunction 'test_positive_disable_filter_override'>
    <TestCaseFunction 'test_positive_emptiness_of_filter_taxonomies_on_role_clone'>
    <TestCaseFunction 'test_positive_force_unlimited'>
    <TestCaseFunction 'test_positive_override_cloned_role_filter'>
    <TestCaseFunction 'test_positive_override_empty_filter_taxonomies_in_cloned_role'>
    <TestCaseFunction 'test_positive_remove_org_admin_role'>
    <TestCaseFunction 'test_positive_taxonomies_control_to_superadmin_with_org_admin'>
    <TestCaseFunction 'test_positive_taxonomies_control_to_superadmin_without_org_admin'>
    <TestCaseFunction 'test_positive_update_role_taxonomies'>
    <TestCaseFunction 'test_positive_user_group_users_access_as_org_admin'>
    <TestCaseFunction 'test_positive_user_group_users_access_contradict_as_org_admins'>
<Module 'tests/foreman/api/test_setting.py'>
  <UnitTestCase 'SettingTestCase'>
    <TestCaseFunction 'test_negative_discover_host_with_invalid_prefix'>
    <TestCaseFunction 'test_negative_update_hostname_with_empty_fact'>
    <TestCaseFunction 'test_positive_update_hostname_default_facts'>
    <TestCaseFunction 'test_positive_update_hostname_default_prefix'>
    <TestCaseFunction 'test_positive_update_hostname_prefix_without_value'>
    <TestCaseFunction 'test_positive_update_login_page_footer_text'>
    <TestCaseFunction 'test_positive_update_login_page_footer_text_with_long_string'>
    <TestCaseFunction 'test_positive_update_login_page_footer_text_without_value'>
<Module 'tests/foreman/api/test_smartproxy.py'>
  <UnitTestCase 'CapsuleTestCase'>
    <TestCaseFunction 'test_negative_create_with_url'>
    <TestCaseFunction 'test_positive_create_with_name'>
    <TestCaseFunction 'test_positive_delete'>
    <TestCaseFunction 'test_positive_import_puppet_classes'>
    <TestCaseFunction 'test_positive_refresh_features'>
    <TestCaseFunction 'test_positive_update_location'>
    <TestCaseFunction 'test_positive_update_name'>
    <TestCaseFunction 'test_positive_update_organization'>
    <TestCaseFunction 'test_positive_update_url'>
  <UnitTestCase 'SmartProxyMissingAttrTestCase'>
    <TestCaseFunction 'test_positive_update_loc'>
    <TestCaseFunction 'test_positive_update_org'>
<Module 'tests/foreman/api/test_subnet.py'>
  <UnitTestCase 'ParameterizedSubnetTestCase'>
    <TestCaseFunction 'test_negative_component_overrides_subnet_parameter'>
    <TestCaseFunction 'test_negative_create_with_duplicated_parameters'>
    <TestCaseFunction 'test_negative_create_with_parameter_and_invalid_separator'>
    <TestCaseFunction 'test_negative_update_parameter'>
    <TestCaseFunction 'test_positive_add_parameter'>
    <TestCaseFunction 'test_positive_add_parameter_with_values_and_separator'>
    <TestCaseFunction 'test_positive_create_with_parameter'>
    <TestCaseFunction 'test_positive_create_with_parameter_and_valid_separator'>
    <TestCaseFunction 'test_positive_delete_subnet_overridden_parameter_host_impact'>
    <TestCaseFunction 'test_positive_delete_subnet_parameter'>
    <TestCaseFunction 'test_positive_delete_subnet_parameter_host_impact'>
    <TestCaseFunction 'test_positive_inherit_subnet_parmeters_in_host'>
    <TestCaseFunction 'test_positive_list_parameters'>
    <TestCaseFunction 'test_positive_subnet_parameter_priority'>
    <TestCaseFunction 'test_positive_subnet_parameters_override_from_host'>
    <TestCaseFunction 'test_positive_subnet_parameters_override_impact_on_subnet'>
    <TestCaseFunction 'test_positive_update_parameter'>
    <TestCaseFunction 'test_positive_update_subnet_parameter_host_impact'>
<Module 'tests/foreman/api/test_subscription.py'>
  <UnitTestCase 'SubscriptionsTestCase'>
    <TestCaseFunction 'test_negative_upload'>
    <TestCaseFunction 'test_positive_create'>
    <TestCaseFunction 'test_positive_create_after_refresh'>
    <TestCaseFunction 'test_positive_delete'>
    <TestCaseFunction 'test_positive_refresh'>
<Module 'tests/foreman/api/test_syncplan.py'>
  <UnitTestCase 'SyncPlanTestCase'>
    <TestCaseFunction 'test_positive_get_routes'>
  <UnitTestCase 'SyncPlanCreateTestCase'>
    <TestCaseFunction 'test_negative_create_with_empty_interval'>
    <TestCaseFunction 'test_negative_create_with_invalid_interval'>
    <TestCaseFunction 'test_negative_create_with_invalid_name'>
    <TestCaseFunction 'test_positive_create_enabled_disabled'>
    <TestCaseFunction 'test_positive_create_with_description'>
    <TestCaseFunction 'test_positive_create_with_interval'>
    <TestCaseFunction 'test_positive_create_with_name'>
    <TestCaseFunction 'test_positive_create_with_sync_date'>
  <UnitTestCase 'SyncPlanUpdateTestCase'>
    <TestCaseFunction 'test_negative_update_interval'>
    <TestCaseFunction 'test_negative_update_name'>
    <TestCaseFunction 'test_positive_update_description'>
    <TestCaseFunction 'test_positive_update_enabled'>
    <TestCaseFunction 'test_positive_update_interval'>
    <TestCaseFunction 'test_positive_update_name'>
    <TestCaseFunction 'test_positive_update_sync_date'>
  <UnitTestCase 'SyncPlanProductTestCase'>
    <TestCaseFunction 'test_positive_add_product'>
    <TestCaseFunction 'test_positive_add_products'>
    <TestCaseFunction 'test_positive_remove_product'>
    <TestCaseFunction 'test_positive_remove_products'>
    <TestCaseFunction 'test_positive_repeatedly_add_remove'>
  <UnitTestCase 'SyncPlanSynchronizeTestCase'>
    <TestCaseFunction 'test_negative_synchronize_custom_product_past_sync_date'>
    <TestCaseFunction 'test_positive_synchronize_custom_product_daily_recurrence'>
    <TestCaseFunction 'test_positive_synchronize_custom_product_future_sync_date'>
    <TestCaseFunction 'test_positive_synchronize_custom_product_past_sync_date'>
    <TestCaseFunction 'test_positive_synchronize_custom_product_weekly_recurrence'>
    <TestCaseFunction 'test_positive_synchronize_custom_products_future_sync_date'>
    <TestCaseFunction 'test_positive_synchronize_rh_product_future_sync_date'>
    <TestCaseFunction 'test_positive_synchronize_rh_product_past_sync_date'>
  <UnitTestCase 'SyncPlanDeleteTestCase'>
    <TestCaseFunction 'test_positive_delete_one_product'>
    <TestCaseFunction 'test_positive_delete_products'>
    <TestCaseFunction 'test_positive_delete_synced_product'>
<Module 'tests/foreman/api/test_template.py'>
  <UnitTestCase 'ConfigTemplateTestCase'>
    <TestCaseFunction 'test_negative_create_with_invalid_name'>
    <TestCaseFunction 'test_negative_create_with_template_kind_name'>
    <TestCaseFunction 'test_negative_update_name'>
    <TestCaseFunction 'test_positive_add_orgs'>
    <TestCaseFunction 'test_positive_build_pxe_default'>
    <TestCaseFunction 'test_positive_clone'>
    <TestCaseFunction 'test_positive_create_with_name'>
    <TestCaseFunction 'test_positive_create_with_template_kind'>
    <TestCaseFunction 'test_positive_create_with_template_kind_name'>
    <TestCaseFunction 'test_positive_delete'>
    <TestCaseFunction 'test_positive_update_name'>
    <TestCaseFunction 'test_positive_update_with_manager_role'>
  <UnitTestCase 'TemplateSyncTestCase'>
    <TestCaseFunction 'test_negative_export_filtered_templates_to_git'>
    <TestCaseFunction 'test_negative_import_filtered_templates_from_git'>
    <TestCaseFunction 'test_negative_import_locked_template'>
    <TestCaseFunction 'test_positive_export_all_templates_to_repo'>
    <TestCaseFunction 'test_positive_export_and_import_with_metadata'>
    <TestCaseFunction 'test_positive_export_filtered_templates_to_git'>
    <TestCaseFunction 'test_positive_export_filtered_templates_to_localdir'>
    <TestCaseFunction 'test_positive_export_json_output'>
    <TestCaseFunction 'test_positive_export_log_to_production'>
    <TestCaseFunction 'test_positive_export_to_branch'>
    <TestCaseFunction 'test_positive_export_to_subdirectory'>
    <TestCaseFunction 'test_positive_file_based_sync'>
    <TestCaseFunction 'test_positive_import_all_templates_from_repo'>
    <TestCaseFunction 'test_positive_import_associated_with_taxonomies'>
    <TestCaseFunction 'test_positive_import_filtered_templates_from_git'>
    <TestCaseFunction 'test_positive_import_force_locked_template'>
    <TestCaseFunction 'test_positive_import_from_branch'>
    <TestCaseFunction 'test_positive_import_from_subdirectory'>
    <TestCaseFunction 'test_positive_import_json_output_blank_model_error'>
    <TestCaseFunction 'test_positive_import_json_output_changed_key_false'>
    <TestCaseFunction 'test_positive_import_json_output_changed_key_true'>
    <TestCaseFunction 'test_positive_import_json_output_corrupted_metadata'>
    <TestCaseFunction 'test_positive_import_json_output_file_key'>
    <TestCaseFunction 'test_positive_import_json_output_filtered_skip_message'>
    <TestCaseFunction 'test_positive_import_json_output_imported_key'>
    <TestCaseFunction 'test_positive_import_json_output_name_key'>
    <TestCaseFunction 'test_positive_import_json_output_no_model_error'>
    <TestCaseFunction 'test_positive_import_json_output_no_name_error'>
    <TestCaseFunction 'test_positive_import_json_output_verbose_false'>
    <TestCaseFunction 'test_positive_import_json_output_verbose_true'>
    <TestCaseFunction 'test_positive_import_log_to_production'>
<Module 'tests/foreman/api/test_template_combination.py'>
  <UnitTestCase 'TemplateCombinationTestCase'>
    <TestCaseFunction 'test_positive_delete_combination'>
    <TestCaseFunction 'test_positive_get_combination'>
<Module 'tests/foreman/api/test_user.py'>
  <UnitTestCase 'UserTestCase'>
    <TestCaseFunction 'test_negative_create_with_invalid_email'>
    <TestCaseFunction 'test_negative_create_with_invalid_firstname'>
    <TestCaseFunction 'test_negative_create_with_invalid_lastname'>
    <TestCaseFunction 'test_negative_create_with_invalid_username'>
    <TestCaseFunction 'test_positive_create_with_description'>
    <TestCaseFunction 'test_positive_create_with_email'>
    <TestCaseFunction 'test_positive_create_with_firstname'>
    <TestCaseFunction 'test_positive_create_with_lastname'>
    <TestCaseFunction 'test_positive_create_with_password'>
    <TestCaseFunction 'test_positive_create_with_username'>
    <TestCaseFunction 'test_positive_delete'>
    <TestCaseFunction 'test_positive_update_admin'>
    <TestCaseFunction 'test_positive_update_description'>
    <TestCaseFunction 'test_positive_update_email'>
    <TestCaseFunction 'test_positive_update_firstname'>
    <TestCaseFunction 'test_positive_update_lastname'>
    <TestCaseFunction 'test_positive_update_username'>
  <UnitTestCase 'UserRoleTestCase'>
    <TestCaseFunction 'test_positive_create_with_role'>
    <TestCaseFunction 'test_positive_update'>
  <UnitTestCase 'SshKeyInUserTestCase'>
    <TestCaseFunction 'test_negative_create_invalid_length_ssh_key'>
    <TestCaseFunction 'test_negative_create_ssh_key'>
    <TestCaseFunction 'test_positive_create_multiple_ssh_key_types'>
    <TestCaseFunction 'test_positive_create_ssh_key'>
    <TestCaseFunction 'test_positive_create_ssh_key_super_admin'>
    <TestCaseFunction 'test_positive_delete_ssh_key'>
    <TestCaseFunction 'test_positive_info_users_ssh_key'>
    <TestCaseFunction 'test_positive_list_users_ssh_key'>
    <TestCaseFunction 'test_positive_ssh_key_in_host_enc'>
<Module 'tests/foreman/api/test_usergroup.py'>
  <UnitTestCase 'UserGroupTestCase'>
    <TestCaseFunction 'test_negative_create_with_name'>
    <TestCaseFunction 'test_negative_create_with_same_name'>
    <TestCaseFunction 'test_negative_update'>
    <TestCaseFunction 'test_negative_update_with_same_name'>
    <TestCaseFunction 'test_positive_create_with_name'>
    <TestCaseFunction 'test_positive_create_with_role'>
    <TestCaseFunction 'test_positive_create_with_roles'>
    <TestCaseFunction 'test_positive_create_with_user'>
    <TestCaseFunction 'test_positive_create_with_usergroup'>
    <TestCaseFunction 'test_positive_create_with_usergroups'>
    <TestCaseFunction 'test_positive_create_with_users'>
    <TestCaseFunction 'test_positive_delete'>
    <TestCaseFunction 'test_positive_update'>
    <TestCaseFunction 'test_positive_update_with_existing_user'>
    <TestCaseFunction 'test_positive_update_with_new_role'>
    <TestCaseFunction 'test_positive_update_with_new_user'>
    <TestCaseFunction 'test_positive_update_with_new_usergroup'>
<Module 'tests/foreman/api/test_variables.py'>
  <UnitTestCase 'SmartVariablesTestCase'>
    <TestCaseFunction 'test_negative_create'>
    <TestCaseFunction 'test_negative_create_default_value_with_list'>
    <TestCaseFunction 'test_negative_create_default_value_with_regex'>
    <TestCaseFunction 'test_negative_create_matcher_empty_value'>
    <TestCaseFunction 'test_negative_create_matcher_non_existing_attribute'>
    <TestCaseFunction 'test_negative_create_matcher_value_with_default_type'>
    <TestCaseFunction 'test_negative_create_matcher_value_with_list'>
    <TestCaseFunction 'test_negative_create_matcher_value_with_regex'>
    <TestCaseFunction 'test_negative_create_variable_type'>
    <TestCaseFunction 'test_negative_create_with_invalid_match_value'>
    <TestCaseFunction 'test_negative_duplicate_name_variable'>
    <TestCaseFunction 'test_negative_enable_avoid_duplicates_flag'>
    <TestCaseFunction 'test_negative_enable_merge_overrides_default_flags'>
    <TestCaseFunction 'test_negative_update_variable_attribute_priority'>
    <TestCaseFunction 'test_negative_update_variable_avoid_duplicate'>
    <TestCaseFunction 'test_negative_update_variable_merge_default'>
    <TestCaseFunction 'test_negative_update_variable_merge_override'>
    <TestCaseFunction 'test_positive_create'>
    <TestCaseFunction 'test_positive_create_default_value_with_list'>
    <TestCaseFunction 'test_positive_create_default_value_with_regex'>
    <TestCaseFunction 'test_positive_create_matcher'>
    <TestCaseFunction 'test_positive_create_matcher_empty_value'>
    <TestCaseFunction 'test_positive_create_matcher_value_with_default_type'>
    <TestCaseFunction 'test_positive_create_matcher_value_with_list'>
    <TestCaseFunction 'test_positive_create_matcher_value_with_regex'>
    <TestCaseFunction 'test_positive_create_variable_type'>
    <TestCaseFunction 'test_positive_delete_smart_variable_by_id'>
    <TestCaseFunction 'test_positive_enable_avoid_duplicates_flag'>
    <TestCaseFunction 'test_positive_enable_merge_overrides_and_default_flags'>
    <TestCaseFunction 'test_positive_hide_variable_default_value'>
    <TestCaseFunction 'test_positive_impact_variable_delete_attribute'>
    <TestCaseFunction 'test_positive_list_variables_by_host_id'>
    <TestCaseFunction 'test_positive_list_variables_by_hostgroup_id'>
    <TestCaseFunction 'test_positive_list_variables_by_puppetclass_id'>
    <TestCaseFunction 'test_positive_remove_matcher'>
    <TestCaseFunction 'test_positive_unhide_variable_default_value'>
    <TestCaseFunction 'test_positive_update_hidden_value_in_variable'>
    <TestCaseFunction 'test_positive_update_name'>
    <TestCaseFunction 'test_positive_update_variable_attribute_priority'>
    <TestCaseFunction 'test_positive_update_variable_avoid_duplicate'>
    <TestCaseFunction 'test_positive_update_variable_merge_default'>
    <TestCaseFunction 'test_positive_update_variable_merge_override'>
    <TestCaseFunction 'test_positive_update_variable_puppet_class'>
<Module 'tests/foreman/api/test_virt_who_config.py'>
  <UnitTestCase 'VirtWhoConfigTestCase'>
    <TestCaseFunction 'test_positive_config_update'>
    <TestCaseFunction 'test_positive_vm_create'>
    <TestCaseFunction 'test_postive_config_intervals'>
  <UnitTestCase 'VirtWhoConfigRoleTestCase'>
    <TestCaseFunction 'test_negative_role_manager'>
    <TestCaseFunction 'test_negative_role_reporter'>
    <TestCaseFunction 'test_negative_role_viewer'>
    <TestCaseFunction 'test_positive_role_manager'>
    <TestCaseFunction 'test_positive_role_reporter'>
    <TestCaseFunction 'test_positive_role_viewer'>
  <UnitTestCase 'VirtWhoConfigUpgradeTestCase'>
    <TestCaseFunction 'test_positive_satellite_upgrade'>
  <UnitTestCase 'VirtWhoConfigGeneralTestCase'>
    <TestCaseFunction 'test_positive_delete_config_delete_user'>
    <TestCaseFunction 'test_positive_filtering_blacklist'>
    <TestCaseFunction 'test_positive_filtering_unlimited'>
    <TestCaseFunction 'test_positive_filtering_whitelist'>
    <TestCaseFunction 'test_positive_hypervisors'>
    <TestCaseFunction 'test_positive_multiple_config_multi_instance'>
    <TestCaseFunction 'test_positive_multiple_config_single_instance'>
    <TestCaseFunction 'test_positive_register_guess_no_subs'>
    <TestCaseFunction 'test_positive_register_user_password'>
    <TestCaseFunction 'test_positive_rhel6'>
    <TestCaseFunction 'test_positive_virt_who_ignoreproxy'>
    <TestCaseFunction 'test_positive_virt_who_proxy'>
<Module 'tests/foreman/cli/test_abrt.py'>
  <UnitTestCase 'AbrtTestCase'>
    <TestCaseFunction 'test_positive_create_report'>
    <TestCaseFunction 'test_positive_create_reports'>
    <TestCaseFunction 'test_positive_identify_hostname'>
    <TestCaseFunction 'test_positive_search_report'>
    <TestCaseFunction 'test_positive_update_timer'>
<Module 'tests/foreman/cli/test_activationkey.py'>
  <UnitTestCase 'ActivationKeyTestCase'>
    <TestCaseFunction 'test_negative_copy_with_same_name'>
    <TestCaseFunction 'test_negative_create_with_invalid_name'>
    <TestCaseFunction 'test_negative_create_with_usage_limit_with_invalid_integers'>
    <TestCaseFunction 'test_negative_create_with_usage_limit_with_not_integers'>
    <TestCaseFunction 'test_negative_update_autoattach'>
    <TestCaseFunction 'test_negative_update_name'>
    <TestCaseFunction 'test_negative_update_usage_limit'>
    <TestCaseFunction 'test_positive_add_custom_product'>
    <TestCaseFunction 'test_positive_add_redhat_and_custom_products'>
    <TestCaseFunction 'test_positive_add_redhat_product'>
    <TestCaseFunction 'test_positive_add_subscription_by_id'>
    <TestCaseFunction 'test_positive_content_override'>
    <TestCaseFunction 'test_positive_copy_by_parent_id'>
    <TestCaseFunction 'test_positive_copy_by_parent_name'>
    <TestCaseFunction 'test_positive_copy_subscription'>
    <TestCaseFunction 'test_positive_create_content_and_check_enabled'>
    <TestCaseFunction 'test_positive_create_using_old_name'>
    <TestCaseFunction 'test_positive_create_with_cv'>
    <TestCaseFunction 'test_positive_create_with_default_lce_by_id'>
    <TestCaseFunction 'test_positive_create_with_default_lce_by_name'>
    <TestCaseFunction 'test_positive_create_with_description'>
    <TestCaseFunction 'test_positive_create_with_name'>
    <TestCaseFunction 'test_positive_create_with_non_default_lce'>
    <TestCaseFunction 'test_positive_create_with_usage_limit_default'>
    <TestCaseFunction 'test_positive_create_with_usage_limit_finite'>
    <TestCaseFunction 'test_positive_delete_by_name'>
    <TestCaseFunction 'test_positive_delete_by_org_label'>
    <TestCaseFunction 'test_positive_delete_by_org_name'>
    <TestCaseFunction 'test_positive_delete_manifest'>
    <TestCaseFunction 'test_positive_delete_subscription'>
    <TestCaseFunction 'test_positive_delete_with_cv'>
    <TestCaseFunction 'test_positive_delete_with_lce'>
    <TestCaseFunction 'test_positive_list_by_cv_id'>
    <TestCaseFunction 'test_positive_list_by_name'>
    <TestCaseFunction 'test_positive_remove_host_collection_by_id'>
    <TestCaseFunction 'test_positive_remove_host_collection_by_name'>
    <TestCaseFunction 'test_positive_remove_user'>
    <TestCaseFunction 'test_positive_update_aks_to_chost'>
    <TestCaseFunction 'test_positive_update_aks_to_chost_in_one_command'>
    <TestCaseFunction 'test_positive_update_autoattach'>
    <TestCaseFunction 'test_positive_update_autoattach_toggle'>
    <TestCaseFunction 'test_positive_update_cv'>
    <TestCaseFunction 'test_positive_update_description'>
    <TestCaseFunction 'test_positive_update_host_collection'>
    <TestCaseFunction 'test_positive_update_host_collection_with_default_org'>
    <TestCaseFunction 'test_positive_update_lce'>
    <TestCaseFunction 'test_positive_update_name_by_id'>
    <TestCaseFunction 'test_positive_update_name_by_name'>
    <TestCaseFunction 'test_positive_update_usage_limit_to_finite_number'>
    <TestCaseFunction 'test_positive_update_usage_limit_to_unlimited'>
    <TestCaseFunction 'test_positive_usage_limit'>
    <TestCaseFunction 'test_positive_view_subscriptions_by_non_admin_user'>
<Module 'tests/foreman/cli/test_architecture.py'>
  <UnitTestCase 'ArchitectureTestCase'>
    <TestCaseFunction 'test_negative_create_with_name'>
    <TestCaseFunction 'test_negative_delete_by_id'>
    <TestCaseFunction 'test_negative_update_name'>
    <TestCaseFunction 'test_positive_create_with_name'>
    <TestCaseFunction 'test_positive_delete_by_id'>
    <TestCaseFunction 'test_positive_update_name'>
<Module 'tests/foreman/cli/test_auth.py'>
  <UnitTestCase 'HammerAuthTestCase'>
    <TestCaseFunction 'test_negative_no_credentials'>
    <TestCaseFunction 'test_negative_no_permissions'>
    <TestCaseFunction 'test_positive_change_session'>
    <TestCaseFunction 'test_positive_create_session'>
    <TestCaseFunction 'test_positive_disable_session'>
    <TestCaseFunction 'test_positive_log_out_from_session'>
    <TestCaseFunction 'test_positive_session_preceeds_saved_credentials'>
    <TestCaseFunction 'test_positive_session_survives_failed_login'>
    <TestCaseFunction 'test_positive_session_survives_unauthenticated_call'>
<Module 'tests/foreman/cli/test_bootstrap_script.py'>
  <UnitTestCase 'BootstrapScriptTestCase'>
    <TestCaseFunction 'test_negative_register_bad_hostgroup'>
    <TestCaseFunction 'test_negative_register_missing_sattools'>
    <TestCaseFunction 'test_negative_register_no_subs'>
    <TestCaseFunction 'test_positive_migrate'>
    <TestCaseFunction 'test_positive_register'>
    <TestCaseFunction 'test_positive_register_host_collision'>
    <TestCaseFunction 'test_positive_reregister'>
<Module 'tests/foreman/cli/test_capsule.py'>
  <UnitTestCase 'CapsuleTestCase'>
    <TestCaseFunction 'test_negative_create_with_url'>
    <TestCaseFunction 'test_positive_create_with_name'>
    <TestCaseFunction 'test_positive_delete_by_id'>
    <TestCaseFunction 'test_positive_import_puppet_classes'>
    <TestCaseFunction 'test_positive_refresh_features_by_id'>
    <TestCaseFunction 'test_positive_refresh_features_by_name'>
    <TestCaseFunction 'test_positive_update_name'>
  <UnitTestCase 'CapsuleIntegrationTestCase'>
    <TestCaseFunction 'test_positive_consume_content'>
    <TestCaseFunction 'test_positive_enable_bmc'>
    <TestCaseFunction 'test_positive_provision'>
    <TestCaseFunction 'test_positive_register'>
    <TestCaseFunction 'test_positive_reregister_with_capsule_cert'>
    <TestCaseFunction 'test_positive_ssl_capsule'>
    <TestCaseFunction 'test_positive_subscribe'>
    <TestCaseFunction 'test_positive_unregister'>
    <TestCaseFunction 'test_positive_unsubscribe'>
<Module 'tests/foreman/cli/test_capsule_installer.py'>
  <UnitTestCase 'CapsuleInstallerTestCase'>
    <TestCaseFunction 'test_negative_invalid_parameters'>
    <TestCaseFunction 'test_negative_option_parent_reverse_proxy_port'>
    <TestCaseFunction 'test_positive_basic'>
    <TestCaseFunction 'test_positive_option_parent_reverse_proxy'>
    <TestCaseFunction 'test_positive_option_parent_reverse_proxy_port'>
    <TestCaseFunction 'test_positive_option_qpid_router'>
    <TestCaseFunction 'test_positive_option_reverse_proxy'>
    <TestCaseFunction 'test_positive_reinstall_on_same_node_after_remove'>
<Module 'tests/foreman/cli/test_classparameters.py'>
  <UnitTestCase 'SmartClassParametersTestCase'>
    <TestCaseFunction 'test_negative_create_matcher'>
    <TestCaseFunction 'test_negative_create_matcher_attribute_priority'>
    <TestCaseFunction 'test_negative_create_matcher_avoid_duplicate'>
    <TestCaseFunction 'test_negative_create_matcher_merge_default'>
    <TestCaseFunction 'test_negative_create_matcher_merge_override'>
    <TestCaseFunction 'test_negative_override'>
    <TestCaseFunction 'test_negative_update_parameter_type'>
    <TestCaseFunction 'test_negative_validate_default_value_with_list'>
    <TestCaseFunction 'test_negative_validate_default_value_with_regex'>
    <TestCaseFunction 'test_negative_validate_matcher_and_default_value'>
    <TestCaseFunction 'test_negative_validate_matcher_non_existing_attribute'>
    <TestCaseFunction 'test_negative_validate_matcher_value_with_default_type'>
    <TestCaseFunction 'test_negative_validate_matcher_value_with_list'>
    <TestCaseFunction 'test_negative_validate_matcher_value_with_regex'>
    <TestCaseFunction 'test_positive_create_matcher'>
    <TestCaseFunction 'test_positive_create_matcher_attribute_priority'>
    <TestCaseFunction 'test_positive_create_matcher_avoid_duplicate'>
    <TestCaseFunction 'test_positive_create_matcher_merge_default'>
    <TestCaseFunction 'test_positive_create_matcher_merge_override'>
    <TestCaseFunction 'test_positive_create_matcher_merge_override_puppet_value'>
    <TestCaseFunction 'test_positive_create_matcher_merge_puppet_default'>
    <TestCaseFunction 'test_positive_create_matcher_puppet_default_value'>
    <TestCaseFunction 'test_positive_hide_empty_default_value'>
    <TestCaseFunction 'test_positive_hide_parameter_default_value'>
    <TestCaseFunction 'test_positive_import_twice_list_by_puppetclass_id'>
    <TestCaseFunction 'test_positive_list_by_env_id'>
    <TestCaseFunction 'test_positive_list_by_env_name'>
    <TestCaseFunction 'test_positive_list_by_host_id'>
    <TestCaseFunction 'test_positive_list_by_host_name'>
    <TestCaseFunction 'test_positive_list_by_hostgroup_id'>
    <TestCaseFunction 'test_positive_list_by_hostgroup_name'>
    <TestCaseFunction 'test_positive_list_by_puppetclass_id'>
    <TestCaseFunction 'test_positive_list_by_puppetclass_name'>
    <TestCaseFunction 'test_positive_list_with_non_admin_user'>
[...]
    <TestCaseFunction 'test_raise_value_error'>
  <UnitTestCase 'ListTestCase'>
    <TestCaseFunction 'test_cast_list'>
    <TestCaseFunction 'test_cast_type'>
  <UnitTestCase 'TupleTestCase'>
    <TestCaseFunction 'test_cast_list'>
    <TestCaseFunction 'test_cast_type'>
  <UnitTestCase 'LoggingLevelTestCase'>
    <TestCaseFunction 'test_cast_logging_level'>
    <TestCaseFunction 'test_raise_value_error'>
  <UnitTestCase 'DictTestCase'>
    <TestCaseFunction 'test_cast_dict'>
    <TestCaseFunction 'test_cast_type'>
  <UnitTestCase 'WebdriverDesiredCapabilitiesTestCase'>
    <TestCaseFunction 'test_cast_dict'>
    <TestCaseFunction 'test_cast_type'>
<Module 'tests/robottelo/test_config_settings.py'>
  <UnitTestCase 'SettingsTestCase'>
    <TestCaseFunction 'test_configure_validation_error'>
    <TestCaseFunction 'test_configure_validation_success'>
    <TestCaseFunction 'test_ini_reader'>
    <TestCaseFunction 'test_ini_reader_cast'>
    <TestCaseFunction 'test_ini_reader_get_default'>
<Module 'tests/robottelo/test_datafactory.py'>
  <UnitTestCase 'FilteredDataPointTestCase'>
    <TestCaseFunction 'test_filtered_datapoint_False'>
    <TestCaseFunction 'test_filtered_datapoint_True'>
    <TestCaseFunction 'test_generate_strings_list_remove_str'>
  <UnitTestCase 'TestReturnTypes'>
    <TestCaseFunction 'test_return_type'>
  <UnitTestCase 'InvalidValuesListTestCase'>
    <TestCaseFunction 'test_return_values'>
<Module 'tests/robottelo/test_decorators.py'>
  <UnitTestCase 'BzBugIsOpenTestCase'>
    <TestCaseFunction 'test_bug_is_closed'>
    <TestCaseFunction 'test_bug_is_open'>
    <TestCaseFunction 'test_bug_lookup_fails'>
    <TestCaseFunction 'test_complete_bug_workflow'>
    <TestCaseFunction 'test_downstream_closedbug_invalid_whiteboard'>
    <TestCaseFunction 'test_downstream_openbug_whiteboard'>
    <TestCaseFunction 'test_downstream_valid_whiteboard'>
    <TestCaseFunction 'test_unauthenticated_bz_call'>
    <TestCaseFunction 'test_upstream_with_whiteboard'>
  <UnitTestCase 'CacheableTestCase'>
    <TestCaseFunction 'test_build_cache'>
    <TestCaseFunction 'test_create_and_not_add_to_cache'>
    <TestCaseFunction 'test_return_from_cache'>
  <UnitTestCase 'RmBugIsOpenTestCase'>
    <TestCaseFunction 'test_bug_is_closed'>
    <TestCaseFunction 'test_bug_is_open'>
    <TestCaseFunction 'test_bug_lookup_fails'>
  <UnitTestCase 'GetBugzillaBugStatusIdTestCase'>
    <TestCaseFunction 'test_cached'>
    <TestCaseFunction 'test_not_cached_bug'>
  <UnitTestCase 'GetRedmineBugStatusIdTestCase'>
    <TestCaseFunction 'test_cached_bug'>
    <TestCaseFunction 'test_not_cached_bug'>
    <TestCaseFunction 'test_raise_bug_fetch_error_key_error'>
    <TestCaseFunction 'test_raise_bug_fetch_error_status_code'>
  <UnitTestCase 'RedmineClosedIssueStatusesTestCase'>
    <TestCaseFunction 'test_build_cache'>
    <TestCaseFunction 'test_return_cache'>
  <UnitTestCase 'RunOnlyOnTestCase'>
    <TestCaseFunction 'test_default_project_value'>
    <TestCaseFunction 'test_invalid_mode'>
    <TestCaseFunction 'test_invalid_project'>
    <TestCaseFunction 'test_project_mode_different_cases'>
    <TestCaseFunction 'test_raise_skip_test'>
  <UnitTestCase 'SkipIfTestCase'>
    <TestCaseFunction 'test_execute_test_with_false'>
    <TestCaseFunction 'test_raise_custom_message'>
    <TestCaseFunction 'test_raise_default_message'>
    <TestCaseFunction 'test_raise_skip_test'>
    <TestCaseFunction 'test_raise_type_error'>
  <UnitTestCase 'SkipIfBugOpen'>
    <TestCaseFunction 'test_not_skip_bugzilla_bug'>
    <TestCaseFunction 'test_not_skip_redmine_bug'>
    <TestCaseFunction 'test_raise_bug_type_error'>
    <TestCaseFunction 'test_skip_bugzilla_bug'>
    <TestCaseFunction 'test_skip_redmine_bug'>
  <UnitTestCase 'RunInOneThreadIfBugOpen'>
    <TestCaseFunction 'test_mark_one_thread_bugzilla_bug'>
    <TestCaseFunction 'test_mark_one_thread_redmine_bug'>
    <TestCaseFunction 'test_not_mark_one_thread_bugzilla_bug'>
    <TestCaseFunction 'test_not_mark_one_thread_redmine_bug'>
    <TestCaseFunction 'test_raise_bug_type_error'>
  <UnitTestCase 'SkipIfNotSetTestCase'>
    <TestCaseFunction 'test_configure_settings'>
    <TestCaseFunction 'test_not_raise_skip_if'>
    <TestCaseFunction 'test_raise_skip_if_method'>
    <TestCaseFunction 'test_raise_skip_if_setup'>
    <TestCaseFunction 'test_raise_skip_if_setupclass'>
    <TestCaseFunction 'test_raise_value_error'>
  <UnitTestCase 'StubbedTestCase'>
    <TestCaseFunction 'test_default_reason'>
    <TestCaseFunction 'test_reason'>
<Module 'tests/robottelo/test_func_locker.py'>
  <UnitTestCase 'FuncLockerTestCase'>
    <TestCaseFunction 'test_lock_in_multiprocess'>
    <TestCaseFunction 'test_locker_file_location_when_in_class'>
    <TestCaseFunction 'test_negative_with_locking_not_locked'>
    <TestCaseFunction 'test_recursive_combined_function'>
    <TestCaseFunction 'test_recursive_lock_function'>
    <TestCaseFunction 'test_recursive_locking_function'>
    <TestCaseFunction 'test_scoped_lock_function'>
    <TestCaseFunction 'test_scoped_with_locking'>
    <TestCaseFunction 'test_simple'>
    <TestCaseFunction 'test_simple_with'>
    <TestCaseFunction 'test_simple_with_lock_function'>
    <TestCaseFunction 'test_with_locking_in_multiprocess'>
<Module 'tests/robottelo/test_func_shared.py'>
  <UnitTestCase 'FunctionSharedTestCase'>
    <TestCaseFunction 'test_basic_without_using_shared_data'>
    <TestCaseFunction 'test_function_kw_scope'>
    <TestCaseFunction 'test_shared_counter_file_path'>
    <TestCaseFunction 'test_shared_counter_file_path_with_scope_context'>
    <TestCaseFunction 'test_shared_main_counter_class_file_path'>
    <TestCaseFunction 'test_shared_sub_main_counter_class_file_path'>
    <TestCaseFunction 'test_simple_shared_counter'>
    <TestCaseFunction 'test_simple_shared_counter_multiprocess'>
    <TestCaseFunction 'test_simple_shared_counter_multiprocess_timeout'>
    <TestCaseFunction 'test_simple_shared_counter_timeout'>
    <TestCaseFunction 'test_simple_shared_injected'>
    <TestCaseFunction 'test_simple_shared_injected_multiprocess'>
    <TestCaseFunction 'test_simple_shared_with_exception_not_restored'>
    <TestCaseFunction 'test_simple_shared_with_exception_restored'>
    <TestCaseFunction 'test_without_inject_kw'>
<Module 'tests/robottelo/test_hammer.py'>
  <UnitTestCase 'ParseCSVTestCase'>
    <TestCaseFunction 'test_parse_csv'>
  <UnitTestCase 'ParseJSONTestCase'>
    <TestCaseFunction 'test_parse_json'>
    <TestCaseFunction 'test_parsed_json_match_parsed_csv'>
  <UnitTestCase 'ParseHelpTestCase'>
    <TestCaseFunction 'test_parse_help'>
  <UnitTestCase 'ParseInfoTestCase'>
    <TestCaseFunction 'test_parse_dict_attributes'>
    <TestCaseFunction 'test_parse_info'>
    <TestCaseFunction 'test_parse_json_list'>
    <TestCaseFunction 'test_parse_list_attributes'>
    <TestCaseFunction 'test_parse_numbered_list_attributes'>
    <TestCaseFunction 'test_parse_simple'>
<Module 'tests/robottelo/test_helpers.py'>
  <UnitTestCase 'GetServerVersionTestCase'>
    <TestCaseFunction 'test_return_none'>
    <TestCaseFunction 'test_return_version'>
  <UnitTestCase 'GetHostInfoTestCase'>
    <TestCaseFunction 'test_cat_fail'>
    <TestCaseFunction 'test_fedora_info'>
    <TestCaseFunction 'test_release_parse_fail'>
    <TestCaseFunction 'test_rhel_info'>
  <UnitTestCase 'EscapeSearchTestCase'>
    <TestCaseFunction 'test_escapes_backslash'>
    <TestCaseFunction 'test_escapes_double_quotes'>
    <TestCaseFunction 'test_escapes_double_quotes_and_backslash'>
    <TestCaseFunction 'test_return_type'>
    <TestCaseFunction 'test_wraps_in_double_quotes'>
  <UnitTestCase 'StorageTestCase'>
    <TestCaseFunction 'test_dict_converted_to_storage'>
    <TestCaseFunction 'test_multiple_dicts_converted_to_storage'>
<Module 'tests/robottelo/test_host_info.py'>
  <UnitTestCase 'GetHostOsVersionTestCase'>
    <TestCaseFunction 'test_cache'>
    <TestCaseFunction 'test_command_error'>
    <TestCaseFunction 'test_command_parsing_error'>
    <TestCaseFunction 'test_rhel_major_version_parsing'>
    <TestCaseFunction 'test_rhel_minor_version_parsing'>
    <TestCaseFunction 'test_rhel_patch_version_parsing'>
  <UnitTestCase 'GetHostSatVersionTestCase'>
    <TestCaseFunction 'test_cache'>
    <TestCaseFunction 'test_command_error'>
    <TestCaseFunction 'test_sat_6_dot_1'>
    <TestCaseFunction 'test_sat_6_dot_2'>
  <UnitTestCase 'SatVersionDependentValuesTestCase'>
    <TestCaseFunction 'test_getitem'>
    <TestCaseFunction 'test_init'>
  <UnitTestCase 'SatVersionDepCommonValuesTestCase'>
    <TestCaseFunction 'test_common_dct'>
    <TestCaseFunction 'test_common_dct_override'>
    <TestCaseFunction 'test_getitem'>
    <TestCaseFunction 'test_init'>
<Module 'tests/robottelo/test_settings.py'>
  <Function 'test_share_timetout_validation'>
<Module 'tests/robottelo/test_ssh.py'>
  <UnitTestCase 'SSHTestCase'>
    <TestCaseFunction 'test_add_authorized_key'>
    <TestCaseFunction 'test_add_authorized_key_raises_invalid_key'>
    <TestCaseFunction 'test_call_paramiko_client'>
    <TestCaseFunction 'test_command'>
    <TestCaseFunction 'test_command_plain_output'>
    <TestCaseFunction 'test_execute_command'>
    <TestCaseFunction 'test_execute_command_plain_output'>
    <TestCaseFunction 'test_fails_with_invalid_key_format'>
    <TestCaseFunction 'test_get_connection_key'>
    <TestCaseFunction 'test_get_connection_pass'>
    <TestCaseFunction 'test_invalid_ssh_pub_keys'>
    <TestCaseFunction 'test_parse_csv'>
    <TestCaseFunction 'test_parse_json'>
    <TestCaseFunction 'test_valid_ssh_pub_keys'>
<Module 'tests/robottelo/test_ui.py'>
  <UnitTestCase 'BrowserTestCase'>
    <TestCaseFunction 'test_browser_chrome'>
    <TestCaseFunction 'test_browser_firefox'>
    <TestCaseFunction 'test_browser_ie'>
    <TestCaseFunction 'test_browser_phantomjs'>
    <TestCaseFunction 'test_browser_remote'>
<Module 'tests/robottelo/test_ui_locators.py'>
  <UnitTestCase 'LocatorTestCase'>
    <TestCaseFunction 'test_add_new_locator_node_by_attr'>
    <TestCaseFunction 'test_add_new_locator_node_by_attr_using_tuple'>
    <TestCaseFunction 'test_add_new_locator_node_by_key'>
    <TestCaseFunction 'test_add_new_locator_node_by_key_using_tuple'>
    <TestCaseFunction 'test_class_locator'>
    <TestCaseFunction 'test_css_locator'>
    <TestCaseFunction 'test_different_access'>
    <TestCaseFunction 'test_function_argument_unpacking'>
    <TestCaseFunction 'test_getitem'>
    <TestCaseFunction 'test_id_locator'>
    <TestCaseFunction 'test_init_with_dict_locators'>
    <TestCaseFunction 'test_init_with_named_locators'>
    <TestCaseFunction 'test_inspect_members'>
    <TestCaseFunction 'test_interpolation'>
    <TestCaseFunction 'test_item_existance'>
    <TestCaseFunction 'test_link_text_locator'>
    <TestCaseFunction 'test_merge_locator_dicts'>
    <TestCaseFunction 'test_multi_level_locator'>
    <TestCaseFunction 'test_name_locator'>
    <TestCaseFunction 'test_requires_only_two_values'>
    <TestCaseFunction 'test_root_node_is_empty'>
    <TestCaseFunction 'test_tag_locator'>
    <TestCaseFunction 'test_unpacking_as_tuple'>
    <TestCaseFunction 'test_xpath_locator'>
<Module 'tests/robottelo/test_vm.py'>
  <UnitTestCase 'VirtualMachineTestCase'>
    <TestCaseFunction 'test_destroy'>
    <TestCaseFunction 'test_dont_create_if_already_created'>
    <TestCaseFunction 'test_invalid_distro'>
    <TestCaseFunction 'test_name_limit'>
    <TestCaseFunction 'test_provisioning_server_not_configured'>
    <TestCaseFunction 'test_run'>
    <TestCaseFunction 'test_run_raises_exception'>
<Module 'tests/robottelo/api/test_assertions.py'>
  <Function 'test_positive_raised_callable'>
  <Function 'test_positive_raised_context_manager'>
  <Function 'test_positive_raised_callable_with_status_code'>
  <Function 'test_positive_raised_context_manager_with_status_code'>
  <Function 'test_positive_not_raised_callable'>
  <Function 'test_positive_not_raised_context_manager'>
  <Function 'test_negative_wrong_exception_raised_callable'>
  <Function 'test_negative_wrong_exception_raised_context_manager'>
  <Function 'test_negative_wrong_status_code_callable'>
  <Function 'test_negative_wrong_status_code_context_manager'>
  <Function 'test_negative_wrong_exception_and_status_code_callable'>
  <Function 'test_negative_wrong_exception_and_status_code_context_manager'>
  <Function 'test_negative_wrong_exception_correct_status_code_callable'>
  <Function 'test_negative_wrong_exc_correct_status_code_context_manager'>
  <Function 'test_positive_regex_raised_callable'>
  <Function 'test_positive_regex_raised_context_manager'>
  <Function 'test_positive_regex_raised_callable_with_status_code'>
  <Function 'test_positive_regex_raised_context_manager_with_status_code'>
  <Function 'test_positive_regex_not_raised_callable'>
  <Function 'test_positive_regex_not_raised_context_manager'>
  <Function 'test_negative_regex_wrong_exception_raised_callable'>
  <Function 'test_negative_regex_wrong_exception_raised_context_manager'>
  <Function 'test_negative_regex_wrong_status_code_callable'>
  <Function 'test_negative_regex_wrong_status_code_context_manager'>
  <Function 'test_negative_regex_wrong_exception_and_status_code_callable'>
  <Function 'test_negative_regex_wrong_exception_and_status_code_context_manager'>
  <Function 'test_negative_regex_wrong_exception_correct_status_code_callable'>
  <Function 'test_negative_regex_wrong_exc_correct_status_code_context_manager'>
  <Function 'test_negative_regex_wrong_pattern_correct_exc_status_code_callable'>
  <Function 'test_negative_regex_wrong_pattern_correct_exc_status_context_manager'>
  <Function 'test_negative_regex_wrong_pattern_status_code_correct_exc_callable'>
  <Function 'test_negative_regex_wrong_pattern_status_code_correct_exc_manager'>
  <Function 'test_negative_regex_wrong_pattern_exc_correct_status_code_callable'>
  <Function 'test_negative_regex_wrong_pattern_exc_correct_status_code_manager'>
<Module 'tests/robottelo/cli/test_assertions.py'>
  <Function 'test_positive_raised_callable_with_status_code'>
  <Function 'test_positive_raised_context_manager_with_status_code'>
  <Function 'test_negative_wrong_status_code_callable'>
  <Function 'test_negative_wrong_status_code_context_manager'>
  <Function 'test_regex_positive_raised_callable_with_status_code'>
  <Function 'test_regex_positive_raised_context_manager_with_status_code'>
  <Function 'test_regex_negative_wrong_status_code_callable'>
  <Function 'test_regex_negative_wrong_status_code_context_manager'>
<Module 'tests/robottelo/decorators/test_bz.py'>
  <Function 'test_get_sat_version_from_env_var'>
<Module 'tests/robottelo/decorators/test_host.py'>
  <UnitTestCase 'SkipIfOSIsUnavailableTestCase'>
    <TestCaseFunction 'test_dont_skipping_with_multiple_versions'>
    <TestCaseFunction 'test_dont_skipping_with_single_version'>
  <UnitTestCase 'SkipIfOSTestCase'>
    <TestCaseFunction 'test_dont_skipping_with_multiple_versions'>
    <TestCaseFunction 'test_dont_skipping_with_single_version'>
    <TestCaseFunction 'test_skipping_non_normalized_version'>
    <TestCaseFunction 'test_skipping_with_multiple_versions'>
    <TestCaseFunction 'test_skipping_with_patch_version'>
    <TestCaseFunction 'test_skipping_with_single_major_version'>
    <TestCaseFunction 'test_skipping_with_single_minor_version'>
<Module 'tests/robottelo/ui/test_location.py'>
  <UnitTestCase 'LocationTestCase'>
    <TestCaseFunction 'test_creation_with_parent_and_unassigned_host'>
    <TestCaseFunction 'test_creation_without_parent_and_without_unassigned_host'>

==================================== ERRORS ====================================
_____________ ERROR collecting tests/foreman/ui/test_variables.py ______________
/Library/Frameworks/Python.framework/Versions/3.6/lib/python3.6/site-packages/robozilla/bz.py:163: in get_bug_data
    include_fields=include_fields
/Library/Frameworks/Python.framework/Versions/3.6/lib/python3.6/site-packages/bugzilla/base.py:1030: in getbug
    exclude_fields=exclude_fields, extra_fields=extra_fields)
/Library/Frameworks/Python.framework/Versions/3.6/lib/python3.6/site-packages/bugzilla/base.py:1023: in _getbug
    extra_fields=extra_fields)[0]
/Library/Frameworks/Python.framework/Versions/3.6/lib/python3.6/site-packages/bugzilla/base.py:995: in _getbugs
    r = self._proxy.Bug.get(getbugdata)
/Library/Frameworks/Python.framework/Versions/3.6/lib/python3.6/xmlrpc/client.py:1112: in __call__
    return self.__send(self.__name, args)
/Library/Frameworks/Python.framework/Versions/3.6/lib/python3.6/site-packages/bugzilla/base.py:168: in _ServerProxy__request
    ret = ServerProxy._ServerProxy__request(self, methodname, params)
/Library/Frameworks/Python.framework/Versions/3.6/lib/python3.6/xmlrpc/client.py:1452: in __request
    verbose=self.__verbose
/Library/Frameworks/Python.framework/Versions/3.6/lib/python3.6/site-packages/bugzilla/base.py:259: in request
    return self._request_helper(url, request_body)
/Library/Frameworks/Python.framework/Versions/3.6/lib/python3.6/site-packages/bugzilla/base.py:245: in _request_helper
    raise sys.exc_info()[1]
/Library/Frameworks/Python.framework/Versions/3.6/lib/python3.6/site-packages/bugzilla/base.py:237: in _request_helper
    return self.parse_response(response)
/Library/Frameworks/Python.framework/Versions/3.6/lib/python3.6/site-packages/bugzilla/base.py:212: in parse_response
    return unmarshaller.close()
/Library/Frameworks/Python.framework/Versions/3.6/lib/python3.6/xmlrpc/client.py:656: in close
    raise Fault(**self._stack[0])
E   xmlrpc.client.Fault: <Fault 32000: 'The cookies or token provide were not valid or have expired. You may login again to get new cookies or a new token.'>

During handling of the above exception, another exception occurred:
tests/foreman/ui/test_variables.py:137: in <module>
    class SmartVariablesTestCase(UITestCase):
tests/foreman/ui/test_variables.py:296: in SmartVariablesTestCase
    @tier1
robottelo/decorators/__init__.py:322: in __call__
    config_picker=self.config_picker
/Library/Frameworks/Python.framework/Versions/3.6/lib/python3.6/site-packages/robozilla/decorators/__init__.py:444: in bz_bug_is_open
    bug = _get_bugzilla_bug(bug_id, bz_credentials=bz_credentials)
/Library/Frameworks/Python.framework/Versions/3.6/lib/python3.6/site-packages/robozilla/decorators/__init__.py:388: in _get_bugzilla_bug
    _bugzilla[bug_id] = reader.get_bug_data(bug_id)
/Library/Frameworks/Python.framework/Versions/3.6/lib/python3.6/site-packages/robozilla/bz.py:188: in get_bug_data
    except ErrorString as error:
E   TypeError: catching classes that do not inherit from BaseException is not allowed
------------------------------- Captured stdout --------------------------------
2018-10-11 16:09:24 - conftest - DEBUG - Registering custom pytest_namespace

2018-10-11 16:09:37 - robozilla.decorators - INFO - Bugzilla bug 1440878 not in cache. Fetching.
____________ ERROR collecting tests/upgrade/test_classparameter.py _____________
ImportError while importing test module '/Users/pgagne/sat6qe/automation/robottelo/tests/upgrade/test_classparameter.py'.
Hint: make sure your test modules/packages have valid Python names.
Traceback:
tests/upgrade/test_classparameter.py:23: in <module>
    from upgrade_tests import pre_upgrade, post_upgrade
E   ModuleNotFoundError: No module named 'upgrade_tests'
_________________ ERROR collecting tests/upgrade/test_role.py __________________
ImportError while importing test module '/Users/pgagne/sat6qe/automation/robottelo/tests/upgrade/test_role.py'.
Hint: make sure your test modules/packages have valid Python names.
Traceback:
tests/upgrade/test_role.py:19: in <module>
    from upgrade_tests import pre_upgrade, post_upgrade
E   ModuleNotFoundError: No module named 'upgrade_tests'
!!!!!!!!!!!!!!!!!!! Interrupted: 3 errors during collection !!!!!!!!!!!!!!!!!!!!
=========================== 3 error in 16.39 seconds ===========================
